ERROR - 2021-12-06 01:19:23 --> Error connecting to the database: No connection could be made because the target machine actively refused it
CRITICAL - 2021-12-06 01:19:23 --> Unable to connect to the database.
Main connection [MySQLi]: No connection could be made because the target machine actively refused it
#0 C:\xampp\htdocs\anelkaswordrobe\system\Database\BaseConnection.php(625): CodeIgniter\Database\BaseConnection->initialize()
#1 C:\xampp\htdocs\anelkaswordrobe\system\Database\BaseBuilder.php(1881): CodeIgniter\Database\BaseConnection->query('SELECT *\nFROM `...', Array, false)
#2 C:\xampp\htdocs\anelkaswordrobe\system\Model.php(197): CodeIgniter\Database\BaseBuilder->get()
#3 C:\xampp\htdocs\anelkaswordrobe\system\BaseModel.php(603): CodeIgniter\Model->doFindAll(0, 0)
#4 C:\xampp\htdocs\anelkaswordrobe\app\Controllers\AdminController.php(729): CodeIgniter\BaseModel->findAll()
#5 C:\xampp\htdocs\anelkaswordrobe\system\CodeIgniter.php(928): App\Controllers\AdminController->products()
#6 C:\xampp\htdocs\anelkaswordrobe\system\CodeIgniter.php(436): CodeIgniter\CodeIgniter->runController(Object(App\Controllers\AdminController))
#7 C:\xampp\htdocs\anelkaswordrobe\system\CodeIgniter.php(336): CodeIgniter\CodeIgniter->handleRequest(NULL, Object(Config\Cache), false)
#8 C:\xampp\htdocs\anelkaswordrobe\public\index.php(37): CodeIgniter\CodeIgniter->run()
#9 C:\xampp\htdocs\anelkaswordrobe\system\Commands\Server\rewrite.php(45): require_once('C:\\xampp\\htdocs...')
#10 {main}
ERROR - 2021-12-06 01:20:03 --> Error connecting to the database: No connection could be made because the target machine actively refused it
CRITICAL - 2021-12-06 01:20:03 --> Unable to connect to the database.
Main connection [MySQLi]: No connection could be made because the target machine actively refused it
#0 C:\xampp\htdocs\anelkaswordrobe\system\Database\BaseConnection.php(625): CodeIgniter\Database\BaseConnection->initialize()
#1 C:\xampp\htdocs\anelkaswordrobe\system\Database\BaseBuilder.php(1881): CodeIgniter\Database\BaseConnection->query('SELECT *\nFROM `...', Array, false)
#2 C:\xampp\htdocs\anelkaswordrobe\system\Model.php(197): CodeIgniter\Database\BaseBuilder->get()
#3 C:\xampp\htdocs\anelkaswordrobe\system\BaseModel.php(603): CodeIgniter\Model->doFindAll(0, 0)
#4 C:\xampp\htdocs\anelkaswordrobe\app\Controllers\AdminController.php(729): CodeIgniter\BaseModel->findAll()
#5 C:\xampp\htdocs\anelkaswordrobe\system\CodeIgniter.php(928): App\Controllers\AdminController->products()
#6 C:\xampp\htdocs\anelkaswordrobe\system\CodeIgniter.php(436): CodeIgniter\CodeIgniter->runController(Object(App\Controllers\AdminController))
#7 C:\xampp\htdocs\anelkaswordrobe\system\CodeIgniter.php(336): CodeIgniter\CodeIgniter->handleRequest(NULL, Object(Config\Cache), false)
#8 C:\xampp\htdocs\anelkaswordrobe\public\index.php(37): CodeIgniter\CodeIgniter->run()
#9 C:\xampp\htdocs\anelkaswordrobe\system\Commands\Server\rewrite.php(45): require_once('C:\\xampp\\htdocs...')
#10 {main}
ERROR - 2021-12-06 01:21:17 --> Error connecting to the database: No connection could be made because the target machine actively refused it
CRITICAL - 2021-12-06 01:21:17 --> Unable to connect to the database.
Main connection [MySQLi]: No connection could be made because the target machine actively refused it
#0 C:\xampp\htdocs\anelkaswordrobe\system\Database\BaseConnection.php(625): CodeIgniter\Database\BaseConnection->initialize()
#1 C:\xampp\htdocs\anelkaswordrobe\system\Database\BaseBuilder.php(1881): CodeIgniter\Database\BaseConnection->query('SELECT *\nFROM `...', Array, false)
#2 C:\xampp\htdocs\anelkaswordrobe\system\Model.php(197): CodeIgniter\Database\BaseBuilder->get()
#3 C:\xampp\htdocs\anelkaswordrobe\system\BaseModel.php(603): CodeIgniter\Model->doFindAll(0, 0)
#4 C:\xampp\htdocs\anelkaswordrobe\app\Controllers\AdminController.php(729): CodeIgniter\BaseModel->findAll()
#5 C:\xampp\htdocs\anelkaswordrobe\system\CodeIgniter.php(928): App\Controllers\AdminController->products()
#6 C:\xampp\htdocs\anelkaswordrobe\system\CodeIgniter.php(436): CodeIgniter\CodeIgniter->runController(Object(App\Controllers\AdminController))
#7 C:\xampp\htdocs\anelkaswordrobe\system\CodeIgniter.php(336): CodeIgniter\CodeIgniter->handleRequest(NULL, Object(Config\Cache), false)
#8 C:\xampp\htdocs\anelkaswordrobe\public\index.php(37): CodeIgniter\CodeIgniter->run()
#9 C:\xampp\htdocs\anelkaswordrobe\system\Commands\Server\rewrite.php(45): require_once('C:\\xampp\\htdocs...')
#10 {main}
ERROR - 2021-12-06 01:21:57 --> Error connecting to the database: No connection could be made because the target machine actively refused it
CRITICAL - 2021-12-06 01:21:57 --> Unable to connect to the database.
Main connection [MySQLi]: No connection could be made because the target machine actively refused it
#0 C:\xampp\htdocs\anelkaswordrobe\system\Database\BaseConnection.php(625): CodeIgniter\Database\BaseConnection->initialize()
#1 C:\xampp\htdocs\anelkaswordrobe\system\Database\BaseBuilder.php(1881): CodeIgniter\Database\BaseConnection->query('SELECT *\nFROM `...', Array, false)
#2 C:\xampp\htdocs\anelkaswordrobe\system\Model.php(197): CodeIgniter\Database\BaseBuilder->get()
#3 C:\xampp\htdocs\anelkaswordrobe\system\BaseModel.php(603): CodeIgniter\Model->doFindAll(0, 0)
#4 C:\xampp\htdocs\anelkaswordrobe\app\Controllers\AdminController.php(729): CodeIgniter\BaseModel->findAll()
#5 C:\xampp\htdocs\anelkaswordrobe\system\CodeIgniter.php(928): App\Controllers\AdminController->products()
#6 C:\xampp\htdocs\anelkaswordrobe\system\CodeIgniter.php(436): CodeIgniter\CodeIgniter->runController(Object(App\Controllers\AdminController))
#7 C:\xampp\htdocs\anelkaswordrobe\system\CodeIgniter.php(336): CodeIgniter\CodeIgniter->handleRequest(NULL, Object(Config\Cache), false)
#8 C:\xampp\htdocs\anelkaswordrobe\public\index.php(37): CodeIgniter\CodeIgniter->run()
#9 C:\xampp\htdocs\anelkaswordrobe\system\Commands\Server\rewrite.php(45): require_once('C:\\xampp\\htdocs...')
#10 {main}
ERROR - 2021-12-06 02:39:27 --> Error connecting to the database: No connection could be made because the target machine actively refused it
CRITICAL - 2021-12-06 02:39:27 --> Unable to connect to the database.
Main connection [MySQLi]: No connection could be made because the target machine actively refused it
#0 C:\xampp\htdocs\anelkaswordrobe\system\Database\BaseConnection.php(625): CodeIgniter\Database\BaseConnection->initialize()
#1 C:\xampp\htdocs\anelkaswordrobe\system\Database\BaseBuilder.php(1881): CodeIgniter\Database\BaseConnection->query('SELECT *\nFROM `...', Array, false)
#2 C:\xampp\htdocs\anelkaswordrobe\system\Model.php(197): CodeIgniter\Database\BaseBuilder->get()
#3 C:\xampp\htdocs\anelkaswordrobe\system\BaseModel.php(603): CodeIgniter\Model->doFindAll(0, 0)
#4 C:\xampp\htdocs\anelkaswordrobe\app\Controllers\AdminController.php(729): CodeIgniter\BaseModel->findAll()
#5 C:\xampp\htdocs\anelkaswordrobe\system\CodeIgniter.php(928): App\Controllers\AdminController->products()
#6 C:\xampp\htdocs\anelkaswordrobe\system\CodeIgniter.php(436): CodeIgniter\CodeIgniter->runController(Object(App\Controllers\AdminController))
#7 C:\xampp\htdocs\anelkaswordrobe\system\CodeIgniter.php(336): CodeIgniter\CodeIgniter->handleRequest(NULL, Object(Config\Cache), false)
#8 C:\xampp\htdocs\anelkaswordrobe\public\index.php(37): CodeIgniter\CodeIgniter->run()
#9 C:\xampp\htdocs\anelkaswordrobe\system\Commands\Server\rewrite.php(45): require_once('C:\\xampp\\htdocs...')
#10 {main}
ERROR - 2021-12-06 02:40:25 --> Error connecting to the database: No connection could be made because the target machine actively refused it
CRITICAL - 2021-12-06 02:40:25 --> Unable to connect to the database.
Main connection [MySQLi]: No connection could be made because the target machine actively refused it
#0 C:\xampp\htdocs\anelkaswordrobe\system\Database\BaseConnection.php(625): CodeIgniter\Database\BaseConnection->initialize()
#1 C:\xampp\htdocs\anelkaswordrobe\system\Database\BaseBuilder.php(1881): CodeIgniter\Database\BaseConnection->query('SELECT *\nFROM `...', Array, false)
#2 C:\xampp\htdocs\anelkaswordrobe\system\Model.php(197): CodeIgniter\Database\BaseBuilder->get()
#3 C:\xampp\htdocs\anelkaswordrobe\system\BaseModel.php(603): CodeIgniter\Model->doFindAll(0, 0)
#4 C:\xampp\htdocs\anelkaswordrobe\app\Controllers\AdminController.php(729): CodeIgniter\BaseModel->findAll()
#5 C:\xampp\htdocs\anelkaswordrobe\system\CodeIgniter.php(928): App\Controllers\AdminController->products()
#6 C:\xampp\htdocs\anelkaswordrobe\system\CodeIgniter.php(436): CodeIgniter\CodeIgniter->runController(Object(App\Controllers\AdminController))
#7 C:\xampp\htdocs\anelkaswordrobe\system\CodeIgniter.php(336): CodeIgniter\CodeIgniter->handleRequest(NULL, Object(Config\Cache), false)
#8 C:\xampp\htdocs\anelkaswordrobe\public\index.php(37): CodeIgniter\CodeIgniter->run()
#9 C:\xampp\htdocs\anelkaswordrobe\system\Commands\Server\rewrite.php(45): require_once('C:\\xampp\\htdocs...')
#10 {main}
