CRITICAL - 2021-11-15 02:44:49 --> syntax error, unexpected identifier "nav", expecting ";"
#0 C:\xampp\htdocs\thewardrobeadmin1\system\Autoloader\Autoloader.php(273): CodeIgniter\Autoloader\Autoloader->includeFile('C:\\xampp\\htdocs...')
#1 C:\xampp\htdocs\thewardrobeadmin1\system\Autoloader\Autoloader.php(247): CodeIgniter\Autoloader\Autoloader->loadInNamespace('App\\Controllers...')
#2 [internal function]: CodeIgniter\Autoloader\Autoloader->loadClass('App\\Controllers...')
#3 C:\xampp\htdocs\thewardrobeadmin1\system\CodeIgniter.php(885): class_exists('\\App\\Controller...', true)
#4 C:\xampp\htdocs\thewardrobeadmin1\system\CodeIgniter.php(421): CodeIgniter\CodeIgniter->startController()
#5 C:\xampp\htdocs\thewardrobeadmin1\system\CodeIgniter.php(336): CodeIgniter\CodeIgniter->handleRequest(NULL, Object(Config\Cache), false)
#6 C:\xampp\htdocs\thewardrobeadmin1\public\index.php(37): CodeIgniter\CodeIgniter->run()
#7 C:\xampp\htdocs\thewardrobeadmin1\system\Commands\Server\rewrite.php(45): require_once('C:\\xampp\\htdocs...')
#8 {main}
CRITICAL - 2021-11-15 06:07:43 --> Invalid file: modals/editPaymenttypeModal.php
#0 C:\xampp\htdocs\thewardrobeadmin1\system\View\View.php(213): CodeIgniter\Exceptions\FrameworkException::forInvalidFile('modals/editPaym...')
#1 C:\xampp\htdocs\thewardrobeadmin1\system\View\View.php(487): CodeIgniter\View\View->render('modals/editPaym...', NULL, true)
#2 C:\xampp\htdocs\thewardrobeadmin1\app\Views\dashboard\paymenttypes.php(46): CodeIgniter\View\View->include('modals/editPaym...')
#3 C:\xampp\htdocs\thewardrobeadmin1\system\View\View.php(230): include('C:\\xampp\\htdocs...')
#4 C:\xampp\htdocs\thewardrobeadmin1\system\View\View.php(232): CodeIgniter\View\View->CodeIgniter\View\{closure}()
#5 C:\xampp\htdocs\thewardrobeadmin1\system\Common.php(1271): CodeIgniter\View\View->render('dashboard/payme...', Array, true)
#6 C:\xampp\htdocs\thewardrobeadmin1\app\Controllers\AdminController.php(577): view('dashboard/payme...', Array)
#7 C:\xampp\htdocs\thewardrobeadmin1\system\CodeIgniter.php(928): App\Controllers\AdminController->paymenttypes()
#8 C:\xampp\htdocs\thewardrobeadmin1\system\CodeIgniter.php(436): CodeIgniter\CodeIgniter->runController(Object(App\Controllers\AdminController))
#9 C:\xampp\htdocs\thewardrobeadmin1\system\CodeIgniter.php(336): CodeIgniter\CodeIgniter->handleRequest(NULL, Object(Config\Cache), false)
#10 C:\xampp\htdocs\thewardrobeadmin1\public\index.php(37): CodeIgniter\CodeIgniter->run()
#11 C:\xampp\htdocs\thewardrobeadmin1\system\Commands\Server\rewrite.php(45): require_once('C:\\xampp\\htdocs...')
#12 {main}
