ERROR - 2021-11-22 00:35:52 --> Table 'ecommerce.users' doesn't exist
CRITICAL - 2021-11-22 00:35:52 --> Table 'ecommerce.users' doesn't exist
#0 C:\xampp\htdocs\anelkaadmin\system\Database\MySQLi\Connection.php(329): mysqli->query('SELECT 1\nFROM `...')
#1 C:\xampp\htdocs\anelkaadmin\system\Database\BaseConnection.php(732): CodeIgniter\Database\MySQLi\Connection->execute('SELECT 1\nFROM `...')
#2 C:\xampp\htdocs\anelkaadmin\system\Database\BaseConnection.php(647): CodeIgniter\Database\BaseConnection->simpleQuery('SELECT 1\nFROM `...')
#3 C:\xampp\htdocs\anelkaadmin\system\Database\BaseBuilder.php(1881): CodeIgniter\Database\BaseConnection->query('SELECT 1\nFROM `...', Array, false)
#4 C:\xampp\htdocs\anelkaadmin\system\Validation\Rules.php(150): CodeIgniter\Database\BaseBuilder->get()
#5 C:\xampp\htdocs\anelkaadmin\system\Validation\Validation.php(312): CodeIgniter\Validation\Rules->is_not_unique('anelkweyu@gmail...', 'email', Array, NULL)
#6 C:\xampp\htdocs\anelkaadmin\system\Validation\Validation.php(159): CodeIgniter\Validation\Validation->processRules('email', 'email', 'anelkweyu@gmail...', Array, Array)
#7 C:\xampp\htdocs\anelkaadmin\system\Controller.php(183): CodeIgniter\Validation\Validation->run()
#8 C:\xampp\htdocs\anelkaadmin\app\Controllers\Auth.php(255): CodeIgniter\Controller->validate(Array)
#9 C:\xampp\htdocs\anelkaadmin\system\CodeIgniter.php(928): App\Controllers\Auth->check()
#10 C:\xampp\htdocs\anelkaadmin\system\CodeIgniter.php(436): CodeIgniter\CodeIgniter->runController(Object(App\Controllers\Auth))
#11 C:\xampp\htdocs\anelkaadmin\system\CodeIgniter.php(336): CodeIgniter\CodeIgniter->handleRequest(NULL, Object(Config\Cache), false)
#12 C:\xampp\htdocs\anelkaadmin\public\index.php(37): CodeIgniter\CodeIgniter->run()
#13 C:\xampp\htdocs\anelkaadmin\system\Commands\Server\rewrite.php(45): require_once('C:\\xampp\\htdocs...')
#14 {main}
ERROR - 2021-11-22 00:52:03 --> Table 'ecommerce.users' doesn't exist
CRITICAL - 2021-11-22 00:52:03 --> Table 'ecommerce.users' doesn't exist
#0 C:\xampp\htdocs\anelkaadmin\system\Database\MySQLi\Connection.php(329): mysqli->query('SELECT 1\nFROM `...')
#1 C:\xampp\htdocs\anelkaadmin\system\Database\BaseConnection.php(732): CodeIgniter\Database\MySQLi\Connection->execute('SELECT 1\nFROM `...')
#2 C:\xampp\htdocs\anelkaadmin\system\Database\BaseConnection.php(647): CodeIgniter\Database\BaseConnection->simpleQuery('SELECT 1\nFROM `...')
#3 C:\xampp\htdocs\anelkaadmin\system\Database\BaseBuilder.php(1881): CodeIgniter\Database\BaseConnection->query('SELECT 1\nFROM `...', Array, false)
#4 C:\xampp\htdocs\anelkaadmin\system\Validation\Rules.php(150): CodeIgniter\Database\BaseBuilder->get()
#5 C:\xampp\htdocs\anelkaadmin\system\Validation\Validation.php(312): CodeIgniter\Validation\Rules->is_not_unique('anelkweyu@gmail...', 'email', Array, NULL)
#6 C:\xampp\htdocs\anelkaadmin\system\Validation\Validation.php(159): CodeIgniter\Validation\Validation->processRules('email', 'email', 'anelkweyu@gmail...', Array, Array)
#7 C:\xampp\htdocs\anelkaadmin\system\Controller.php(183): CodeIgniter\Validation\Validation->run()
#8 C:\xampp\htdocs\anelkaadmin\app\Controllers\Auth.php(255): CodeIgniter\Controller->validate(Array)
#9 C:\xampp\htdocs\anelkaadmin\system\CodeIgniter.php(928): App\Controllers\Auth->check()
#10 C:\xampp\htdocs\anelkaadmin\system\CodeIgniter.php(436): CodeIgniter\CodeIgniter->runController(Object(App\Controllers\Auth))
#11 C:\xampp\htdocs\anelkaadmin\system\CodeIgniter.php(336): CodeIgniter\CodeIgniter->handleRequest(NULL, Object(Config\Cache), false)
#12 C:\xampp\htdocs\anelkaadmin\public\index.php(37): CodeIgniter\CodeIgniter->run()
#13 C:\xampp\htdocs\anelkaadmin\system\Commands\Server\rewrite.php(45): require_once('C:\\xampp\\htdocs...')
#14 {main}
CRITICAL - 2021-11-22 00:52:39 --> Undefined array key "id"
#0 C:\xampp\htdocs\anelkaadmin\app\Controllers\Auth.php(286): CodeIgniter\Debug\Exceptions->errorHandler(2, 'Undefined array...', 'C:\\xampp\\htdocs...', 286)
#1 C:\xampp\htdocs\anelkaadmin\system\CodeIgniter.php(928): App\Controllers\Auth->check()
#2 C:\xampp\htdocs\anelkaadmin\system\CodeIgniter.php(436): CodeIgniter\CodeIgniter->runController(Object(App\Controllers\Auth))
#3 C:\xampp\htdocs\anelkaadmin\system\CodeIgniter.php(336): CodeIgniter\CodeIgniter->handleRequest(NULL, Object(Config\Cache), false)
#4 C:\xampp\htdocs\anelkaadmin\public\index.php(37): CodeIgniter\CodeIgniter->run()
#5 C:\xampp\htdocs\anelkaadmin\system\Commands\Server\rewrite.php(45): require_once('C:\\xampp\\htdocs...')
#6 {main}
CRITICAL - 2021-11-22 00:52:45 --> Undefined array key "id"
#0 C:\xampp\htdocs\anelkaadmin\app\Controllers\Auth.php(286): CodeIgniter\Debug\Exceptions->errorHandler(2, 'Undefined array...', 'C:\\xampp\\htdocs...', 286)
#1 C:\xampp\htdocs\anelkaadmin\system\CodeIgniter.php(928): App\Controllers\Auth->check()
#2 C:\xampp\htdocs\anelkaadmin\system\CodeIgniter.php(436): CodeIgniter\CodeIgniter->runController(Object(App\Controllers\Auth))
#3 C:\xampp\htdocs\anelkaadmin\system\CodeIgniter.php(336): CodeIgniter\CodeIgniter->handleRequest(NULL, Object(Config\Cache), false)
#4 C:\xampp\htdocs\anelkaadmin\public\index.php(37): CodeIgniter\CodeIgniter->run()
#5 C:\xampp\htdocs\anelkaadmin\system\Commands\Server\rewrite.php(45): require_once('C:\\xampp\\htdocs...')
#6 {main}
CRITICAL - 2021-11-22 00:53:14 --> Undefined array key "firstname"
#0 C:\xampp\htdocs\anelkaadmin\app\Views\templates\header.php(48): CodeIgniter\Debug\Exceptions->errorHandler(2, 'Undefined array...', 'C:\\xampp\\htdocs...', 48)
#1 C:\xampp\htdocs\anelkaadmin\system\View\View.php(230): include('C:\\xampp\\htdocs...')
#2 C:\xampp\htdocs\anelkaadmin\system\View\View.php(232): CodeIgniter\View\View->CodeIgniter\View\{closure}()
#3 C:\xampp\htdocs\anelkaadmin\system\Common.php(1271): CodeIgniter\View\View->render('templates/heade...', Array, true)
#4 C:\xampp\htdocs\anelkaadmin\app\Controllers\Pages.php(19): view('templates/heade...', Array)
#5 C:\xampp\htdocs\anelkaadmin\system\CodeIgniter.php(928): App\Controllers\Pages->index()
#6 C:\xampp\htdocs\anelkaadmin\system\CodeIgniter.php(436): CodeIgniter\CodeIgniter->runController(Object(App\Controllers\Pages))
#7 C:\xampp\htdocs\anelkaadmin\system\CodeIgniter.php(336): CodeIgniter\CodeIgniter->handleRequest(NULL, Object(Config\Cache), false)
#8 C:\xampp\htdocs\anelkaadmin\public\index.php(37): CodeIgniter\CodeIgniter->run()
#9 C:\xampp\htdocs\anelkaadmin\system\Commands\Server\rewrite.php(45): require_once('C:\\xampp\\htdocs...')
#10 {main}
CRITICAL - 2021-11-22 00:54:38 --> Undefined variable $userInfo
#0 C:\xampp\htdocs\anelkaadmin\app\Views\templates\header.php(48): CodeIgniter\Debug\Exceptions->errorHandler(2, 'Undefined varia...', 'C:\\xampp\\htdocs...', 48)
#1 C:\xampp\htdocs\anelkaadmin\system\View\View.php(230): include('C:\\xampp\\htdocs...')
#2 C:\xampp\htdocs\anelkaadmin\system\View\View.php(232): CodeIgniter\View\View->CodeIgniter\View\{closure}()
#3 C:\xampp\htdocs\anelkaadmin\system\Common.php(1271): CodeIgniter\View\View->render('templates/heade...', Array, true)
#4 C:\xampp\htdocs\anelkaadmin\app\Controllers\Auth.php(18): view('templates/heade...', Array)
#5 C:\xampp\htdocs\anelkaadmin\system\CodeIgniter.php(928): App\Controllers\Auth->index()
#6 C:\xampp\htdocs\anelkaadmin\system\CodeIgniter.php(436): CodeIgniter\CodeIgniter->runController(Object(App\Controllers\Auth))
#7 C:\xampp\htdocs\anelkaadmin\system\CodeIgniter.php(336): CodeIgniter\CodeIgniter->handleRequest(NULL, Object(Config\Cache), false)
#8 C:\xampp\htdocs\anelkaadmin\public\index.php(37): CodeIgniter\CodeIgniter->run()
#9 C:\xampp\htdocs\anelkaadmin\system\Commands\Server\rewrite.php(45): require_once('C:\\xampp\\htdocs...')
#10 {main}
CRITICAL - 2021-11-22 00:56:43 --> Undefined variable $user_Info
#0 C:\xampp\htdocs\anelkaadmin\app\Views\templates\header.php(48): CodeIgniter\Debug\Exceptions->errorHandler(2, 'Undefined varia...', 'C:\\xampp\\htdocs...', 48)
#1 C:\xampp\htdocs\anelkaadmin\system\View\View.php(230): include('C:\\xampp\\htdocs...')
#2 C:\xampp\htdocs\anelkaadmin\system\View\View.php(232): CodeIgniter\View\View->CodeIgniter\View\{closure}()
#3 C:\xampp\htdocs\anelkaadmin\system\Common.php(1271): CodeIgniter\View\View->render('templates/heade...', Array, true)
#4 C:\xampp\htdocs\anelkaadmin\app\Controllers\Auth.php(18): view('templates/heade...', Array)
#5 C:\xampp\htdocs\anelkaadmin\system\CodeIgniter.php(928): App\Controllers\Auth->index()
#6 C:\xampp\htdocs\anelkaadmin\system\CodeIgniter.php(436): CodeIgniter\CodeIgniter->runController(Object(App\Controllers\Auth))
#7 C:\xampp\htdocs\anelkaadmin\system\CodeIgniter.php(336): CodeIgniter\CodeIgniter->handleRequest(NULL, Object(Config\Cache), false)
#8 C:\xampp\htdocs\anelkaadmin\public\index.php(37): CodeIgniter\CodeIgniter->run()
#9 C:\xampp\htdocs\anelkaadmin\system\Commands\Server\rewrite.php(45): require_once('C:\\xampp\\htdocs...')
#10 {main}
CRITICAL - 2021-11-22 00:56:44 --> Undefined variable $user_Info
#0 C:\xampp\htdocs\anelkaadmin\app\Views\templates\header.php(48): CodeIgniter\Debug\Exceptions->errorHandler(2, 'Undefined varia...', 'C:\\xampp\\htdocs...', 48)
#1 C:\xampp\htdocs\anelkaadmin\system\View\View.php(230): include('C:\\xampp\\htdocs...')
#2 C:\xampp\htdocs\anelkaadmin\system\View\View.php(232): CodeIgniter\View\View->CodeIgniter\View\{closure}()
#3 C:\xampp\htdocs\anelkaadmin\system\Common.php(1271): CodeIgniter\View\View->render('templates/heade...', Array, true)
#4 C:\xampp\htdocs\anelkaadmin\app\Controllers\Auth.php(18): view('templates/heade...', Array)
#5 C:\xampp\htdocs\anelkaadmin\system\CodeIgniter.php(928): App\Controllers\Auth->index()
#6 C:\xampp\htdocs\anelkaadmin\system\CodeIgniter.php(436): CodeIgniter\CodeIgniter->runController(Object(App\Controllers\Auth))
#7 C:\xampp\htdocs\anelkaadmin\system\CodeIgniter.php(336): CodeIgniter\CodeIgniter->handleRequest(NULL, Object(Config\Cache), false)
#8 C:\xampp\htdocs\anelkaadmin\public\index.php(37): CodeIgniter\CodeIgniter->run()
#9 C:\xampp\htdocs\anelkaadmin\system\Commands\Server\rewrite.php(45): require_once('C:\\xampp\\htdocs...')
#10 {main}
CRITICAL - 2021-11-22 00:57:28 --> Undefined variable $userInfo
#0 C:\xampp\htdocs\anelkaadmin\app\Views\templates\header.php(48): CodeIgniter\Debug\Exceptions->errorHandler(2, 'Undefined varia...', 'C:\\xampp\\htdocs...', 48)
#1 C:\xampp\htdocs\anelkaadmin\system\View\View.php(230): include('C:\\xampp\\htdocs...')
#2 C:\xampp\htdocs\anelkaadmin\system\View\View.php(232): CodeIgniter\View\View->CodeIgniter\View\{closure}()
#3 C:\xampp\htdocs\anelkaadmin\system\Common.php(1271): CodeIgniter\View\View->render('templates/heade...', Array, true)
#4 C:\xampp\htdocs\anelkaadmin\app\Controllers\Auth.php(18): view('templates/heade...', Array)
#5 C:\xampp\htdocs\anelkaadmin\system\CodeIgniter.php(928): App\Controllers\Auth->index()
#6 C:\xampp\htdocs\anelkaadmin\system\CodeIgniter.php(436): CodeIgniter\CodeIgniter->runController(Object(App\Controllers\Auth))
#7 C:\xampp\htdocs\anelkaadmin\system\CodeIgniter.php(336): CodeIgniter\CodeIgniter->handleRequest(NULL, Object(Config\Cache), false)
#8 C:\xampp\htdocs\anelkaadmin\public\index.php(37): CodeIgniter\CodeIgniter->run()
#9 C:\xampp\htdocs\anelkaadmin\system\Commands\Server\rewrite.php(45): require_once('C:\\xampp\\htdocs...')
#10 {main}
CRITICAL - 2021-11-22 00:57:50 --> Undefined variable $userInfo
#0 C:\xampp\htdocs\anelkaadmin\app\Views\templates\header.php(48): CodeIgniter\Debug\Exceptions->errorHandler(2, 'Undefined varia...', 'C:\\xampp\\htdocs...', 48)
#1 C:\xampp\htdocs\anelkaadmin\system\View\View.php(230): include('C:\\xampp\\htdocs...')
#2 C:\xampp\htdocs\anelkaadmin\system\View\View.php(232): CodeIgniter\View\View->CodeIgniter\View\{closure}()
#3 C:\xampp\htdocs\anelkaadmin\system\Common.php(1271): CodeIgniter\View\View->render('templates/heade...', Array, true)
#4 C:\xampp\htdocs\anelkaadmin\app\Controllers\Auth.php(18): view('templates/heade...', Array)
#5 C:\xampp\htdocs\anelkaadmin\system\CodeIgniter.php(928): App\Controllers\Auth->index()
#6 C:\xampp\htdocs\anelkaadmin\system\CodeIgniter.php(436): CodeIgniter\CodeIgniter->runController(Object(App\Controllers\Auth))
#7 C:\xampp\htdocs\anelkaadmin\system\CodeIgniter.php(336): CodeIgniter\CodeIgniter->handleRequest(NULL, Object(Config\Cache), false)
#8 C:\xampp\htdocs\anelkaadmin\public\index.php(37): CodeIgniter\CodeIgniter->run()
#9 C:\xampp\htdocs\anelkaadmin\system\Commands\Server\rewrite.php(45): require_once('C:\\xampp\\htdocs...')
#10 {main}
CRITICAL - 2021-11-22 01:19:32 --> Undefined variable $userInfo
#0 C:\xampp\htdocs\anelkaadmin\app\Views\templates\header.php(48): CodeIgniter\Debug\Exceptions->errorHandler(2, 'Undefined varia...', 'C:\\xampp\\htdocs...', 48)
#1 C:\xampp\htdocs\anelkaadmin\system\View\View.php(230): include('C:\\xampp\\htdocs...')
#2 C:\xampp\htdocs\anelkaadmin\system\View\View.php(232): CodeIgniter\View\View->CodeIgniter\View\{closure}()
#3 C:\xampp\htdocs\anelkaadmin\system\Common.php(1271): CodeIgniter\View\View->render('templates/heade...', Array, true)
#4 C:\xampp\htdocs\anelkaadmin\app\Controllers\Auth.php(18): view('templates/heade...', Array)
#5 C:\xampp\htdocs\anelkaadmin\system\CodeIgniter.php(928): App\Controllers\Auth->index()
#6 C:\xampp\htdocs\anelkaadmin\system\CodeIgniter.php(436): CodeIgniter\CodeIgniter->runController(Object(App\Controllers\Auth))
#7 C:\xampp\htdocs\anelkaadmin\system\CodeIgniter.php(336): CodeIgniter\CodeIgniter->handleRequest(NULL, Object(Config\Cache), false)
#8 C:\xampp\htdocs\anelkaadmin\public\index.php(37): CodeIgniter\CodeIgniter->run()
#9 C:\xampp\htdocs\anelkaadmin\system\Commands\Server\rewrite.php(45): require_once('C:\\xampp\\htdocs...')
#10 {main}
CRITICAL - 2021-11-22 01:33:44 --> Undefined variable $user_info
#0 C:\xampp\htdocs\anelkaadmin\app\Views\templates\header.php(48): CodeIgniter\Debug\Exceptions->errorHandler(2, 'Undefined varia...', 'C:\\xampp\\htdocs...', 48)
#1 C:\xampp\htdocs\anelkaadmin\system\View\View.php(230): include('C:\\xampp\\htdocs...')
#2 C:\xampp\htdocs\anelkaadmin\system\View\View.php(232): CodeIgniter\View\View->CodeIgniter\View\{closure}()
#3 C:\xampp\htdocs\anelkaadmin\system\Common.php(1271): CodeIgniter\View\View->render('templates/heade...', Array, true)
#4 C:\xampp\htdocs\anelkaadmin\app\Controllers\Auth.php(18): view('templates/heade...', Array)
#5 C:\xampp\htdocs\anelkaadmin\system\CodeIgniter.php(928): App\Controllers\Auth->index()
#6 C:\xampp\htdocs\anelkaadmin\system\CodeIgniter.php(436): CodeIgniter\CodeIgniter->runController(Object(App\Controllers\Auth))
#7 C:\xampp\htdocs\anelkaadmin\system\CodeIgniter.php(336): CodeIgniter\CodeIgniter->handleRequest(NULL, Object(Config\Cache), false)
#8 C:\xampp\htdocs\anelkaadmin\public\index.php(37): CodeIgniter\CodeIgniter->run()
#9 C:\xampp\htdocs\anelkaadmin\system\Commands\Server\rewrite.php(45): require_once('C:\\xampp\\htdocs...')
#10 {main}
CRITICAL - 2021-11-22 01:33:49 --> Undefined variable $user_info
#0 C:\xampp\htdocs\anelkaadmin\app\Views\templates\header.php(48): CodeIgniter\Debug\Exceptions->errorHandler(2, 'Undefined varia...', 'C:\\xampp\\htdocs...', 48)
#1 C:\xampp\htdocs\anelkaadmin\system\View\View.php(230): include('C:\\xampp\\htdocs...')
#2 C:\xampp\htdocs\anelkaadmin\system\View\View.php(232): CodeIgniter\View\View->CodeIgniter\View\{closure}()
#3 C:\xampp\htdocs\anelkaadmin\system\Common.php(1271): CodeIgniter\View\View->render('templates/heade...', Array, true)
#4 C:\xampp\htdocs\anelkaadmin\app\Controllers\Auth.php(18): view('templates/heade...', Array)
#5 C:\xampp\htdocs\anelkaadmin\system\CodeIgniter.php(928): App\Controllers\Auth->index()
#6 C:\xampp\htdocs\anelkaadmin\system\CodeIgniter.php(436): CodeIgniter\CodeIgniter->runController(Object(App\Controllers\Auth))
#7 C:\xampp\htdocs\anelkaadmin\system\CodeIgniter.php(336): CodeIgniter\CodeIgniter->handleRequest(NULL, Object(Config\Cache), false)
#8 C:\xampp\htdocs\anelkaadmin\public\index.php(37): CodeIgniter\CodeIgniter->run()
#9 C:\xampp\htdocs\anelkaadmin\system\Commands\Server\rewrite.php(45): require_once('C:\\xampp\\htdocs...')
#10 {main}
CRITICAL - 2021-11-22 01:33:49 --> Undefined variable $user_info
#0 C:\xampp\htdocs\anelkaadmin\app\Views\templates\header.php(48): CodeIgniter\Debug\Exceptions->errorHandler(2, 'Undefined varia...', 'C:\\xampp\\htdocs...', 48)
#1 C:\xampp\htdocs\anelkaadmin\system\View\View.php(230): include('C:\\xampp\\htdocs...')
#2 C:\xampp\htdocs\anelkaadmin\system\View\View.php(232): CodeIgniter\View\View->CodeIgniter\View\{closure}()
#3 C:\xampp\htdocs\anelkaadmin\system\Common.php(1271): CodeIgniter\View\View->render('templates/heade...', Array, true)
#4 C:\xampp\htdocs\anelkaadmin\app\Controllers\Auth.php(18): view('templates/heade...', Array)
#5 C:\xampp\htdocs\anelkaadmin\system\CodeIgniter.php(928): App\Controllers\Auth->index()
#6 C:\xampp\htdocs\anelkaadmin\system\CodeIgniter.php(436): CodeIgniter\CodeIgniter->runController(Object(App\Controllers\Auth))
#7 C:\xampp\htdocs\anelkaadmin\system\CodeIgniter.php(336): CodeIgniter\CodeIgniter->handleRequest(NULL, Object(Config\Cache), false)
#8 C:\xampp\htdocs\anelkaadmin\public\index.php(37): CodeIgniter\CodeIgniter->run()
#9 C:\xampp\htdocs\anelkaadmin\system\Commands\Server\rewrite.php(45): require_once('C:\\xampp\\htdocs...')
#10 {main}
CRITICAL - 2021-11-22 01:33:50 --> Undefined variable $user_info
#0 C:\xampp\htdocs\anelkaadmin\app\Views\templates\header.php(48): CodeIgniter\Debug\Exceptions->errorHandler(2, 'Undefined varia...', 'C:\\xampp\\htdocs...', 48)
#1 C:\xampp\htdocs\anelkaadmin\system\View\View.php(230): include('C:\\xampp\\htdocs...')
#2 C:\xampp\htdocs\anelkaadmin\system\View\View.php(232): CodeIgniter\View\View->CodeIgniter\View\{closure}()
#3 C:\xampp\htdocs\anelkaadmin\system\Common.php(1271): CodeIgniter\View\View->render('templates/heade...', Array, true)
#4 C:\xampp\htdocs\anelkaadmin\app\Controllers\Auth.php(18): view('templates/heade...', Array)
#5 C:\xampp\htdocs\anelkaadmin\system\CodeIgniter.php(928): App\Controllers\Auth->index()
#6 C:\xampp\htdocs\anelkaadmin\system\CodeIgniter.php(436): CodeIgniter\CodeIgniter->runController(Object(App\Controllers\Auth))
#7 C:\xampp\htdocs\anelkaadmin\system\CodeIgniter.php(336): CodeIgniter\CodeIgniter->handleRequest(NULL, Object(Config\Cache), false)
#8 C:\xampp\htdocs\anelkaadmin\public\index.php(37): CodeIgniter\CodeIgniter->run()
#9 C:\xampp\htdocs\anelkaadmin\system\Commands\Server\rewrite.php(45): require_once('C:\\xampp\\htdocs...')
#10 {main}
CRITICAL - 2021-11-22 01:34:47 --> Undefined variable $user_info
#0 C:\xampp\htdocs\anelkaadmin\app\Views\templates\header.php(48): CodeIgniter\Debug\Exceptions->errorHandler(2, 'Undefined varia...', 'C:\\xampp\\htdocs...', 48)
#1 C:\xampp\htdocs\anelkaadmin\system\View\View.php(230): include('C:\\xampp\\htdocs...')
#2 C:\xampp\htdocs\anelkaadmin\system\View\View.php(232): CodeIgniter\View\View->CodeIgniter\View\{closure}()
#3 C:\xampp\htdocs\anelkaadmin\system\Common.php(1271): CodeIgniter\View\View->render('templates/heade...', Array, true)
#4 C:\xampp\htdocs\anelkaadmin\app\Controllers\Auth.php(18): view('templates/heade...', Array)
#5 C:\xampp\htdocs\anelkaadmin\system\CodeIgniter.php(928): App\Controllers\Auth->index()
#6 C:\xampp\htdocs\anelkaadmin\system\CodeIgniter.php(436): CodeIgniter\CodeIgniter->runController(Object(App\Controllers\Auth))
#7 C:\xampp\htdocs\anelkaadmin\system\CodeIgniter.php(336): CodeIgniter\CodeIgniter->handleRequest(NULL, Object(Config\Cache), false)
#8 C:\xampp\htdocs\anelkaadmin\public\index.php(37): CodeIgniter\CodeIgniter->run()
#9 C:\xampp\htdocs\anelkaadmin\system\Commands\Server\rewrite.php(45): require_once('C:\\xampp\\htdocs...')
#10 {main}
CRITICAL - 2021-11-22 01:34:50 --> Undefined variable $user_info
#0 C:\xampp\htdocs\anelkaadmin\app\Views\templates\header.php(48): CodeIgniter\Debug\Exceptions->errorHandler(2, 'Undefined varia...', 'C:\\xampp\\htdocs...', 48)
#1 C:\xampp\htdocs\anelkaadmin\system\View\View.php(230): include('C:\\xampp\\htdocs...')
#2 C:\xampp\htdocs\anelkaadmin\system\View\View.php(232): CodeIgniter\View\View->CodeIgniter\View\{closure}()
#3 C:\xampp\htdocs\anelkaadmin\system\Common.php(1271): CodeIgniter\View\View->render('templates/heade...', Array, true)
#4 C:\xampp\htdocs\anelkaadmin\app\Controllers\Pages.php(19): view('templates/heade...', Array)
#5 C:\xampp\htdocs\anelkaadmin\system\CodeIgniter.php(928): App\Controllers\Pages->index()
#6 C:\xampp\htdocs\anelkaadmin\system\CodeIgniter.php(436): CodeIgniter\CodeIgniter->runController(Object(App\Controllers\Pages))
#7 C:\xampp\htdocs\anelkaadmin\system\CodeIgniter.php(336): CodeIgniter\CodeIgniter->handleRequest(NULL, Object(Config\Cache), false)
#8 C:\xampp\htdocs\anelkaadmin\public\index.php(37): CodeIgniter\CodeIgniter->run()
#9 C:\xampp\htdocs\anelkaadmin\system\Commands\Server\rewrite.php(45): require_once('C:\\xampp\\htdocs...')
#10 {main}
CRITICAL - 2021-11-22 01:34:52 --> Undefined variable $user_info
#0 C:\xampp\htdocs\anelkaadmin\app\Views\templates\header.php(48): CodeIgniter\Debug\Exceptions->errorHandler(2, 'Undefined varia...', 'C:\\xampp\\htdocs...', 48)
#1 C:\xampp\htdocs\anelkaadmin\system\View\View.php(230): include('C:\\xampp\\htdocs...')
#2 C:\xampp\htdocs\anelkaadmin\system\View\View.php(232): CodeIgniter\View\View->CodeIgniter\View\{closure}()
#3 C:\xampp\htdocs\anelkaadmin\system\Common.php(1271): CodeIgniter\View\View->render('templates/heade...', Array, true)
#4 C:\xampp\htdocs\anelkaadmin\app\Controllers\Auth.php(18): view('templates/heade...', Array)
#5 C:\xampp\htdocs\anelkaadmin\system\CodeIgniter.php(928): App\Controllers\Auth->index()
#6 C:\xampp\htdocs\anelkaadmin\system\CodeIgniter.php(436): CodeIgniter\CodeIgniter->runController(Object(App\Controllers\Auth))
#7 C:\xampp\htdocs\anelkaadmin\system\CodeIgniter.php(336): CodeIgniter\CodeIgniter->handleRequest(NULL, Object(Config\Cache), false)
#8 C:\xampp\htdocs\anelkaadmin\public\index.php(37): CodeIgniter\CodeIgniter->run()
#9 C:\xampp\htdocs\anelkaadmin\system\Commands\Server\rewrite.php(45): require_once('C:\\xampp\\htdocs...')
#10 {main}
CRITICAL - 2021-11-22 01:34:53 --> Undefined variable $user_info
#0 C:\xampp\htdocs\anelkaadmin\app\Views\templates\header.php(48): CodeIgniter\Debug\Exceptions->errorHandler(2, 'Undefined varia...', 'C:\\xampp\\htdocs...', 48)
#1 C:\xampp\htdocs\anelkaadmin\system\View\View.php(230): include('C:\\xampp\\htdocs...')
#2 C:\xampp\htdocs\anelkaadmin\system\View\View.php(232): CodeIgniter\View\View->CodeIgniter\View\{closure}()
#3 C:\xampp\htdocs\anelkaadmin\system\Common.php(1271): CodeIgniter\View\View->render('templates/heade...', Array, true)
#4 C:\xampp\htdocs\anelkaadmin\app\Controllers\Pages.php(19): view('templates/heade...', Array)
#5 C:\xampp\htdocs\anelkaadmin\system\CodeIgniter.php(928): App\Controllers\Pages->index()
#6 C:\xampp\htdocs\anelkaadmin\system\CodeIgniter.php(436): CodeIgniter\CodeIgniter->runController(Object(App\Controllers\Pages))
#7 C:\xampp\htdocs\anelkaadmin\system\CodeIgniter.php(336): CodeIgniter\CodeIgniter->handleRequest(NULL, Object(Config\Cache), false)
#8 C:\xampp\htdocs\anelkaadmin\public\index.php(37): CodeIgniter\CodeIgniter->run()
#9 C:\xampp\htdocs\anelkaadmin\system\Commands\Server\rewrite.php(45): require_once('C:\\xampp\\htdocs...')
#10 {main}
CRITICAL - 2021-11-22 01:34:57 --> Undefined variable $user_info
#0 C:\xampp\htdocs\anelkaadmin\app\Views\templates\header.php(48): CodeIgniter\Debug\Exceptions->errorHandler(2, 'Undefined varia...', 'C:\\xampp\\htdocs...', 48)
#1 C:\xampp\htdocs\anelkaadmin\system\View\View.php(230): include('C:\\xampp\\htdocs...')
#2 C:\xampp\htdocs\anelkaadmin\system\View\View.php(232): CodeIgniter\View\View->CodeIgniter\View\{closure}()
#3 C:\xampp\htdocs\anelkaadmin\system\Common.php(1271): CodeIgniter\View\View->render('templates/heade...', Array, true)
#4 C:\xampp\htdocs\anelkaadmin\app\Controllers\Pages.php(19): view('templates/heade...', Array)
#5 C:\xampp\htdocs\anelkaadmin\system\CodeIgniter.php(928): App\Controllers\Pages->index()
#6 C:\xampp\htdocs\anelkaadmin\system\CodeIgniter.php(436): CodeIgniter\CodeIgniter->runController(Object(App\Controllers\Pages))
#7 C:\xampp\htdocs\anelkaadmin\system\CodeIgniter.php(336): CodeIgniter\CodeIgniter->handleRequest(NULL, Object(Config\Cache), false)
#8 C:\xampp\htdocs\anelkaadmin\public\index.php(37): CodeIgniter\CodeIgniter->run()
#9 C:\xampp\htdocs\anelkaadmin\system\Commands\Server\rewrite.php(45): require_once('C:\\xampp\\htdocs...')
#10 {main}
CRITICAL - 2021-11-22 01:35:27 --> Undefined variable $userInfo
#0 C:\xampp\htdocs\anelkaadmin\app\Views\templates\header.php(48): CodeIgniter\Debug\Exceptions->errorHandler(2, 'Undefined varia...', 'C:\\xampp\\htdocs...', 48)
#1 C:\xampp\htdocs\anelkaadmin\system\View\View.php(230): include('C:\\xampp\\htdocs...')
#2 C:\xampp\htdocs\anelkaadmin\system\View\View.php(232): CodeIgniter\View\View->CodeIgniter\View\{closure}()
#3 C:\xampp\htdocs\anelkaadmin\system\Common.php(1271): CodeIgniter\View\View->render('templates/heade...', Array, true)
#4 C:\xampp\htdocs\anelkaadmin\app\Controllers\Auth.php(18): view('templates/heade...', Array)
#5 C:\xampp\htdocs\anelkaadmin\system\CodeIgniter.php(928): App\Controllers\Auth->index()
#6 C:\xampp\htdocs\anelkaadmin\system\CodeIgniter.php(436): CodeIgniter\CodeIgniter->runController(Object(App\Controllers\Auth))
#7 C:\xampp\htdocs\anelkaadmin\system\CodeIgniter.php(336): CodeIgniter\CodeIgniter->handleRequest(NULL, Object(Config\Cache), false)
#8 C:\xampp\htdocs\anelkaadmin\public\index.php(37): CodeIgniter\CodeIgniter->run()
#9 C:\xampp\htdocs\anelkaadmin\system\Commands\Server\rewrite.php(45): require_once('C:\\xampp\\htdocs...')
#10 {main}
CRITICAL - 2021-11-22 01:42:08 --> Undefined variable $userInfo
#0 C:\xampp\htdocs\anelkaadmin\app\Views\templates\header.php(48): CodeIgniter\Debug\Exceptions->errorHandler(2, 'Undefined varia...', 'C:\\xampp\\htdocs...', 48)
#1 C:\xampp\htdocs\anelkaadmin\system\View\View.php(230): include('C:\\xampp\\htdocs...')
#2 C:\xampp\htdocs\anelkaadmin\system\View\View.php(232): CodeIgniter\View\View->CodeIgniter\View\{closure}()
#3 C:\xampp\htdocs\anelkaadmin\system\Common.php(1271): CodeIgniter\View\View->render('templates/heade...', Array, true)
#4 C:\xampp\htdocs\anelkaadmin\app\Controllers\Auth.php(18): view('templates/heade...', Array)
#5 C:\xampp\htdocs\anelkaadmin\system\CodeIgniter.php(928): App\Controllers\Auth->index()
#6 C:\xampp\htdocs\anelkaadmin\system\CodeIgniter.php(436): CodeIgniter\CodeIgniter->runController(Object(App\Controllers\Auth))
#7 C:\xampp\htdocs\anelkaadmin\system\CodeIgniter.php(336): CodeIgniter\CodeIgniter->handleRequest(NULL, Object(Config\Cache), false)
#8 C:\xampp\htdocs\anelkaadmin\public\index.php(37): CodeIgniter\CodeIgniter->run()
#9 C:\xampp\htdocs\anelkaadmin\system\Commands\Server\rewrite.php(45): require_once('C:\\xampp\\htdocs...')
#10 {main}
CRITICAL - 2021-11-22 01:42:49 --> Undefined variable $userInfo
#0 C:\xampp\htdocs\anelkaadmin\app\Views\templates\header.php(48): CodeIgniter\Debug\Exceptions->errorHandler(2, 'Undefined varia...', 'C:\\xampp\\htdocs...', 48)
#1 C:\xampp\htdocs\anelkaadmin\system\View\View.php(230): include('C:\\xampp\\htdocs...')
#2 C:\xampp\htdocs\anelkaadmin\system\View\View.php(232): CodeIgniter\View\View->CodeIgniter\View\{closure}()
#3 C:\xampp\htdocs\anelkaadmin\system\Common.php(1271): CodeIgniter\View\View->render('templates/heade...', Array, true)
#4 C:\xampp\htdocs\anelkaadmin\app\Controllers\Auth.php(18): view('templates/heade...', Array)
#5 C:\xampp\htdocs\anelkaadmin\system\CodeIgniter.php(928): App\Controllers\Auth->index()
#6 C:\xampp\htdocs\anelkaadmin\system\CodeIgniter.php(436): CodeIgniter\CodeIgniter->runController(Object(App\Controllers\Auth))
#7 C:\xampp\htdocs\anelkaadmin\system\CodeIgniter.php(336): CodeIgniter\CodeIgniter->handleRequest(NULL, Object(Config\Cache), false)
#8 C:\xampp\htdocs\anelkaadmin\public\index.php(37): CodeIgniter\CodeIgniter->run()
#9 C:\xampp\htdocs\anelkaadmin\system\Commands\Server\rewrite.php(45): require_once('C:\\xampp\\htdocs...')
#10 {main}
CRITICAL - 2021-11-22 01:42:50 --> Undefined variable $userInfo
#0 C:\xampp\htdocs\anelkaadmin\app\Views\templates\header.php(48): CodeIgniter\Debug\Exceptions->errorHandler(2, 'Undefined varia...', 'C:\\xampp\\htdocs...', 48)
#1 C:\xampp\htdocs\anelkaadmin\system\View\View.php(230): include('C:\\xampp\\htdocs...')
#2 C:\xampp\htdocs\anelkaadmin\system\View\View.php(232): CodeIgniter\View\View->CodeIgniter\View\{closure}()
#3 C:\xampp\htdocs\anelkaadmin\system\Common.php(1271): CodeIgniter\View\View->render('templates/heade...', Array, true)
#4 C:\xampp\htdocs\anelkaadmin\app\Controllers\Auth.php(18): view('templates/heade...', Array)
#5 C:\xampp\htdocs\anelkaadmin\system\CodeIgniter.php(928): App\Controllers\Auth->index()
#6 C:\xampp\htdocs\anelkaadmin\system\CodeIgniter.php(436): CodeIgniter\CodeIgniter->runController(Object(App\Controllers\Auth))
#7 C:\xampp\htdocs\anelkaadmin\system\CodeIgniter.php(336): CodeIgniter\CodeIgniter->handleRequest(NULL, Object(Config\Cache), false)
#8 C:\xampp\htdocs\anelkaadmin\public\index.php(37): CodeIgniter\CodeIgniter->run()
#9 C:\xampp\htdocs\anelkaadmin\system\Commands\Server\rewrite.php(45): require_once('C:\\xampp\\htdocs...')
#10 {main}
CRITICAL - 2021-11-22 01:42:51 --> Undefined variable $userInfo
#0 C:\xampp\htdocs\anelkaadmin\app\Views\templates\header.php(48): CodeIgniter\Debug\Exceptions->errorHandler(2, 'Undefined varia...', 'C:\\xampp\\htdocs...', 48)
#1 C:\xampp\htdocs\anelkaadmin\system\View\View.php(230): include('C:\\xampp\\htdocs...')
#2 C:\xampp\htdocs\anelkaadmin\system\View\View.php(232): CodeIgniter\View\View->CodeIgniter\View\{closure}()
#3 C:\xampp\htdocs\anelkaadmin\system\Common.php(1271): CodeIgniter\View\View->render('templates/heade...', Array, true)
#4 C:\xampp\htdocs\anelkaadmin\app\Controllers\Auth.php(18): view('templates/heade...', Array)
#5 C:\xampp\htdocs\anelkaadmin\system\CodeIgniter.php(928): App\Controllers\Auth->index()
#6 C:\xampp\htdocs\anelkaadmin\system\CodeIgniter.php(436): CodeIgniter\CodeIgniter->runController(Object(App\Controllers\Auth))
#7 C:\xampp\htdocs\anelkaadmin\system\CodeIgniter.php(336): CodeIgniter\CodeIgniter->handleRequest(NULL, Object(Config\Cache), false)
#8 C:\xampp\htdocs\anelkaadmin\public\index.php(37): CodeIgniter\CodeIgniter->run()
#9 C:\xampp\htdocs\anelkaadmin\system\Commands\Server\rewrite.php(45): require_once('C:\\xampp\\htdocs...')
#10 {main}
CRITICAL - 2021-11-22 01:44:58 --> Trying to access array offset on value of type null
#0 C:\xampp\htdocs\anelkaadmin\app\Controllers\Auth.php(281): CodeIgniter\Debug\Exceptions->errorHandler(2, 'Trying to acces...', 'C:\\xampp\\htdocs...', 281)
#1 C:\xampp\htdocs\anelkaadmin\system\CodeIgniter.php(928): App\Controllers\Auth->check()
#2 C:\xampp\htdocs\anelkaadmin\system\CodeIgniter.php(436): CodeIgniter\CodeIgniter->runController(Object(App\Controllers\Auth))
#3 C:\xampp\htdocs\anelkaadmin\system\CodeIgniter.php(336): CodeIgniter\CodeIgniter->handleRequest(NULL, Object(Config\Cache), false)
#4 C:\xampp\htdocs\anelkaadmin\public\index.php(37): CodeIgniter\CodeIgniter->run()
#5 C:\xampp\htdocs\anelkaadmin\system\Commands\Server\rewrite.php(45): require_once('C:\\xampp\\htdocs...')
#6 {main}
CRITICAL - 2021-11-22 03:34:58 --> Trying to access array offset on value of type null
#0 C:\xampp\htdocs\anelkaadmin\app\Controllers\Auth.php(281): CodeIgniter\Debug\Exceptions->errorHandler(2, 'Trying to acces...', 'C:\\xampp\\htdocs...', 281)
#1 C:\xampp\htdocs\anelkaadmin\system\CodeIgniter.php(928): App\Controllers\Auth->check()
#2 C:\xampp\htdocs\anelkaadmin\system\CodeIgniter.php(436): CodeIgniter\CodeIgniter->runController(Object(App\Controllers\Auth))
#3 C:\xampp\htdocs\anelkaadmin\system\CodeIgniter.php(336): CodeIgniter\CodeIgniter->handleRequest(NULL, Object(Config\Cache), false)
#4 C:\xampp\htdocs\anelkaadmin\public\index.php(37): CodeIgniter\CodeIgniter->run()
#5 C:\xampp\htdocs\anelkaadmin\system\Commands\Server\rewrite.php(45): require_once('C:\\xampp\\htdocs...')
#6 {main}
CRITICAL - 2021-11-22 03:35:55 --> Trying to access array offset on value of type null
#0 C:\xampp\htdocs\anelkaadmin\app\Controllers\Auth.php(281): CodeIgniter\Debug\Exceptions->errorHandler(2, 'Trying to acces...', 'C:\\xampp\\htdocs...', 281)
#1 C:\xampp\htdocs\anelkaadmin\system\CodeIgniter.php(928): App\Controllers\Auth->check()
#2 C:\xampp\htdocs\anelkaadmin\system\CodeIgniter.php(436): CodeIgniter\CodeIgniter->runController(Object(App\Controllers\Auth))
#3 C:\xampp\htdocs\anelkaadmin\system\CodeIgniter.php(336): CodeIgniter\CodeIgniter->handleRequest(NULL, Object(Config\Cache), false)
#4 C:\xampp\htdocs\anelkaadmin\public\index.php(37): CodeIgniter\CodeIgniter->run()
#5 C:\xampp\htdocs\anelkaadmin\system\Commands\Server\rewrite.php(45): require_once('C:\\xampp\\htdocs...')
#6 {main}
CRITICAL - 2021-11-22 03:37:35 --> Trying to access array offset on value of type null
#0 C:\xampp\htdocs\anelkaadmin\app\Controllers\Auth.php(281): CodeIgniter\Debug\Exceptions->errorHandler(2, 'Trying to acces...', 'C:\\xampp\\htdocs...', 281)
#1 C:\xampp\htdocs\anelkaadmin\system\CodeIgniter.php(928): App\Controllers\Auth->check()
#2 C:\xampp\htdocs\anelkaadmin\system\CodeIgniter.php(436): CodeIgniter\CodeIgniter->runController(Object(App\Controllers\Auth))
#3 C:\xampp\htdocs\anelkaadmin\system\CodeIgniter.php(336): CodeIgniter\CodeIgniter->handleRequest(NULL, Object(Config\Cache), false)
#4 C:\xampp\htdocs\anelkaadmin\public\index.php(37): CodeIgniter\CodeIgniter->run()
#5 C:\xampp\htdocs\anelkaadmin\system\Commands\Server\rewrite.php(45): require_once('C:\\xampp\\htdocs...')
#6 {main}
CRITICAL - 2021-11-22 03:39:08 --> Trying to access array offset on value of type null
#0 C:\xampp\htdocs\anelkaadmin\app\Controllers\Auth.php(281): CodeIgniter\Debug\Exceptions->errorHandler(2, 'Trying to acces...', 'C:\\xampp\\htdocs...', 281)
#1 C:\xampp\htdocs\anelkaadmin\system\CodeIgniter.php(928): App\Controllers\Auth->check()
#2 C:\xampp\htdocs\anelkaadmin\system\CodeIgniter.php(436): CodeIgniter\CodeIgniter->runController(Object(App\Controllers\Auth))
#3 C:\xampp\htdocs\anelkaadmin\system\CodeIgniter.php(336): CodeIgniter\CodeIgniter->handleRequest(NULL, Object(Config\Cache), false)
#4 C:\xampp\htdocs\anelkaadmin\public\index.php(37): CodeIgniter\CodeIgniter->run()
#5 C:\xampp\htdocs\anelkaadmin\system\Commands\Server\rewrite.php(45): require_once('C:\\xampp\\htdocs...')
#6 {main}
CRITICAL - 2021-11-22 03:45:59 --> Trying to access array offset on value of type null
#0 C:\xampp\htdocs\anelkaadmin\app\Controllers\Auth.php(281): CodeIgniter\Debug\Exceptions->errorHandler(2, 'Trying to acces...', 'C:\\xampp\\htdocs...', 281)
#1 C:\xampp\htdocs\anelkaadmin\system\CodeIgniter.php(928): App\Controllers\Auth->check()
#2 C:\xampp\htdocs\anelkaadmin\system\CodeIgniter.php(436): CodeIgniter\CodeIgniter->runController(Object(App\Controllers\Auth))
#3 C:\xampp\htdocs\anelkaadmin\system\CodeIgniter.php(336): CodeIgniter\CodeIgniter->handleRequest(NULL, Object(Config\Cache), false)
#4 C:\xampp\htdocs\anelkaadmin\public\index.php(37): CodeIgniter\CodeIgniter->run()
#5 C:\xampp\htdocs\anelkaadmin\system\Commands\Server\rewrite.php(45): require_once('C:\\xampp\\htdocs...')
#6 {main}
ERROR - 2021-11-22 03:48:42 --> Cannot add or update a child row: a foreign key constraint fails (`ecommerce`.`tbl_users`, CONSTRAINT `tbl_users_ibfk_1` FOREIGN KEY (`role`) REFERENCES `tbl_roles` (`role_id`))
CRITICAL - 2021-11-22 03:48:42 --> Cannot add or update a child row: a foreign key constraint fails (`ecommerce`.`tbl_users`, CONSTRAINT `tbl_users_ibfk_1` FOREIGN KEY (`role`) REFERENCES `tbl_roles` (`role_id`))
#0 C:\xampp\htdocs\anelkaadmin\system\Database\MySQLi\Connection.php(329): mysqli->query('INSERT INTO `tb...')
#1 C:\xampp\htdocs\anelkaadmin\system\Database\BaseConnection.php(732): CodeIgniter\Database\MySQLi\Connection->execute('INSERT INTO `tb...')
#2 C:\xampp\htdocs\anelkaadmin\system\Database\BaseConnection.php(647): CodeIgniter\Database\BaseConnection->simpleQuery('INSERT INTO `tb...')
#3 C:\xampp\htdocs\anelkaadmin\system\Database\BaseBuilder.php(2277): CodeIgniter\Database\BaseConnection->query('INSERT INTO `tb...', Array, false)
#4 C:\xampp\htdocs\anelkaadmin\system\Model.php(259): CodeIgniter\Database\BaseBuilder->insert()
#5 C:\xampp\htdocs\anelkaadmin\system\BaseModel.php(774): CodeIgniter\Model->doInsert(Array)
#6 C:\xampp\htdocs\anelkaadmin\system\Model.php(686): CodeIgniter\BaseModel->insert(Array, true)
#7 C:\xampp\htdocs\anelkaadmin\app\Controllers\Auth.php(195): CodeIgniter\Model->insert(Array)
#8 C:\xampp\htdocs\anelkaadmin\system\CodeIgniter.php(928): App\Controllers\Auth->save()
#9 C:\xampp\htdocs\anelkaadmin\system\CodeIgniter.php(436): CodeIgniter\CodeIgniter->runController(Object(App\Controllers\Auth))
#10 C:\xampp\htdocs\anelkaadmin\system\CodeIgniter.php(336): CodeIgniter\CodeIgniter->handleRequest(NULL, Object(Config\Cache), false)
#11 C:\xampp\htdocs\anelkaadmin\public\index.php(37): CodeIgniter\CodeIgniter->run()
#12 C:\xampp\htdocs\anelkaadmin\system\Commands\Server\rewrite.php(45): require_once('C:\\xampp\\htdocs...')
#13 {main}
ERROR - 2021-11-22 04:25:10 --> Cannot add or update a child row: a foreign key constraint fails (`ecommerce`.`tbl_users`, CONSTRAINT `tbl_users_ibfk_1` FOREIGN KEY (`role`) REFERENCES `tbl_roles` (`role_id`))
CRITICAL - 2021-11-22 04:25:10 --> Cannot add or update a child row: a foreign key constraint fails (`ecommerce`.`tbl_users`, CONSTRAINT `tbl_users_ibfk_1` FOREIGN KEY (`role`) REFERENCES `tbl_roles` (`role_id`))
#0 C:\xampp\htdocs\anelkaadmin\system\Database\MySQLi\Connection.php(329): mysqli->query('INSERT INTO `tb...')
#1 C:\xampp\htdocs\anelkaadmin\system\Database\BaseConnection.php(732): CodeIgniter\Database\MySQLi\Connection->execute('INSERT INTO `tb...')
#2 C:\xampp\htdocs\anelkaadmin\system\Database\BaseConnection.php(647): CodeIgniter\Database\BaseConnection->simpleQuery('INSERT INTO `tb...')
#3 C:\xampp\htdocs\anelkaadmin\system\Database\BaseBuilder.php(2277): CodeIgniter\Database\BaseConnection->query('INSERT INTO `tb...', Array, false)
#4 C:\xampp\htdocs\anelkaadmin\system\Model.php(259): CodeIgniter\Database\BaseBuilder->insert()
#5 C:\xampp\htdocs\anelkaadmin\system\BaseModel.php(774): CodeIgniter\Model->doInsert(Array)
#6 C:\xampp\htdocs\anelkaadmin\system\Model.php(686): CodeIgniter\BaseModel->insert(Array, true)
#7 C:\xampp\htdocs\anelkaadmin\app\Controllers\Auth.php(195): CodeIgniter\Model->insert(Array)
#8 C:\xampp\htdocs\anelkaadmin\system\CodeIgniter.php(928): App\Controllers\Auth->save()
#9 C:\xampp\htdocs\anelkaadmin\system\CodeIgniter.php(436): CodeIgniter\CodeIgniter->runController(Object(App\Controllers\Auth))
#10 C:\xampp\htdocs\anelkaadmin\system\CodeIgniter.php(336): CodeIgniter\CodeIgniter->handleRequest(NULL, Object(Config\Cache), false)
#11 C:\xampp\htdocs\anelkaadmin\public\index.php(37): CodeIgniter\CodeIgniter->run()
#12 C:\xampp\htdocs\anelkaadmin\system\Commands\Server\rewrite.php(45): require_once('C:\\xampp\\htdocs...')
#13 {main}
CRITICAL - 2021-11-22 04:49:03 --> Call to undefined function App\Controllers\register()
#0 C:\xampp\htdocs\anelkaadmin\system\CodeIgniter.php(928): App\Controllers\Auth->save()
#1 C:\xampp\htdocs\anelkaadmin\system\CodeIgniter.php(436): CodeIgniter\CodeIgniter->runController(Object(App\Controllers\Auth))
#2 C:\xampp\htdocs\anelkaadmin\system\CodeIgniter.php(336): CodeIgniter\CodeIgniter->handleRequest(NULL, Object(Config\Cache), false)
#3 C:\xampp\htdocs\anelkaadmin\public\index.php(37): CodeIgniter\CodeIgniter->run()
#4 C:\xampp\htdocs\anelkaadmin\system\Commands\Server\rewrite.php(45): require_once('C:\\xampp\\htdocs...')
#5 {main}
CRITICAL - 2021-11-22 09:18:12 --> Call to undefined function App\Controllers\register()
#0 C:\xampp\htdocs\anelkaadmin\system\CodeIgniter.php(928): App\Controllers\Auth->save()
#1 C:\xampp\htdocs\anelkaadmin\system\CodeIgniter.php(436): CodeIgniter\CodeIgniter->runController(Object(App\Controllers\Auth))
#2 C:\xampp\htdocs\anelkaadmin\system\CodeIgniter.php(336): CodeIgniter\CodeIgniter->handleRequest(NULL, Object(Config\Cache), false)
#3 C:\xampp\htdocs\anelkaadmin\public\index.php(37): CodeIgniter\CodeIgniter->run()
#4 C:\xampp\htdocs\anelkaadmin\system\Commands\Server\rewrite.php(45): require_once('C:\\xampp\\htdocs...')
#5 {main}
CRITICAL - 2021-11-22 10:46:32 --> Undefined variable $userInfo
#0 C:\xampp\htdocs\anelkaadmin\app\Views\templates\header.php(48): CodeIgniter\Debug\Exceptions->errorHandler(2, 'Undefined varia...', 'C:\\xampp\\htdocs...', 48)
#1 C:\xampp\htdocs\anelkaadmin\system\View\View.php(230): include('C:\\xampp\\htdocs...')
#2 C:\xampp\htdocs\anelkaadmin\system\View\View.php(232): CodeIgniter\View\View->CodeIgniter\View\{closure}()
#3 C:\xampp\htdocs\anelkaadmin\system\Common.php(1271): CodeIgniter\View\View->render('templates/heade...', Array, true)
#4 C:\xampp\htdocs\anelkaadmin\app\Controllers\Auth.php(187): view('templates/heade...', Array)
#5 C:\xampp\htdocs\anelkaadmin\system\CodeIgniter.php(928): App\Controllers\Auth->save()
#6 C:\xampp\htdocs\anelkaadmin\system\CodeIgniter.php(436): CodeIgniter\CodeIgniter->runController(Object(App\Controllers\Auth))
#7 C:\xampp\htdocs\anelkaadmin\system\CodeIgniter.php(336): CodeIgniter\CodeIgniter->handleRequest(NULL, Object(Config\Cache), false)
#8 C:\xampp\htdocs\anelkaadmin\public\index.php(37): CodeIgniter\CodeIgniter->run()
#9 C:\xampp\htdocs\anelkaadmin\system\Commands\Server\rewrite.php(45): require_once('C:\\xampp\\htdocs...')
#10 {main}
CRITICAL - 2021-11-22 10:47:07 --> Undefined variable $userInfo
#0 C:\xampp\htdocs\anelkaadmin\app\Views\templates\header.php(48): CodeIgniter\Debug\Exceptions->errorHandler(2, 'Undefined varia...', 'C:\\xampp\\htdocs...', 48)
#1 C:\xampp\htdocs\anelkaadmin\system\View\View.php(230): include('C:\\xampp\\htdocs...')
#2 C:\xampp\htdocs\anelkaadmin\system\View\View.php(232): CodeIgniter\View\View->CodeIgniter\View\{closure}()
#3 C:\xampp\htdocs\anelkaadmin\system\Common.php(1271): CodeIgniter\View\View->render('templates/heade...', Array, true)
#4 C:\xampp\htdocs\anelkaadmin\app\Controllers\Auth.php(187): view('templates/heade...', Array)
#5 C:\xampp\htdocs\anelkaadmin\system\CodeIgniter.php(928): App\Controllers\Auth->save()
#6 C:\xampp\htdocs\anelkaadmin\system\CodeIgniter.php(436): CodeIgniter\CodeIgniter->runController(Object(App\Controllers\Auth))
#7 C:\xampp\htdocs\anelkaadmin\system\CodeIgniter.php(336): CodeIgniter\CodeIgniter->handleRequest(NULL, Object(Config\Cache), false)
#8 C:\xampp\htdocs\anelkaadmin\public\index.php(37): CodeIgniter\CodeIgniter->run()
#9 C:\xampp\htdocs\anelkaadmin\system\Commands\Server\rewrite.php(45): require_once('C:\\xampp\\htdocs...')
#10 {main}
CRITICAL - 2021-11-22 10:47:11 --> Undefined variable $userInfo
#0 C:\xampp\htdocs\anelkaadmin\app\Views\templates\header.php(48): CodeIgniter\Debug\Exceptions->errorHandler(2, 'Undefined varia...', 'C:\\xampp\\htdocs...', 48)
#1 C:\xampp\htdocs\anelkaadmin\system\View\View.php(230): include('C:\\xampp\\htdocs...')
#2 C:\xampp\htdocs\anelkaadmin\system\View\View.php(232): CodeIgniter\View\View->CodeIgniter\View\{closure}()
#3 C:\xampp\htdocs\anelkaadmin\system\Common.php(1271): CodeIgniter\View\View->render('templates/heade...', Array, true)
#4 C:\xampp\htdocs\anelkaadmin\app\Controllers\Auth.php(187): view('templates/heade...', Array)
#5 C:\xampp\htdocs\anelkaadmin\system\CodeIgniter.php(928): App\Controllers\Auth->save()
#6 C:\xampp\htdocs\anelkaadmin\system\CodeIgniter.php(436): CodeIgniter\CodeIgniter->runController(Object(App\Controllers\Auth))
#7 C:\xampp\htdocs\anelkaadmin\system\CodeIgniter.php(336): CodeIgniter\CodeIgniter->handleRequest(NULL, Object(Config\Cache), false)
#8 C:\xampp\htdocs\anelkaadmin\public\index.php(37): CodeIgniter\CodeIgniter->run()
#9 C:\xampp\htdocs\anelkaadmin\system\Commands\Server\rewrite.php(45): require_once('C:\\xampp\\htdocs...')
#10 {main}
CRITICAL - 2021-11-22 10:47:13 --> Undefined variable $userInfo
#0 C:\xampp\htdocs\anelkaadmin\app\Views\templates\header.php(48): CodeIgniter\Debug\Exceptions->errorHandler(2, 'Undefined varia...', 'C:\\xampp\\htdocs...', 48)
#1 C:\xampp\htdocs\anelkaadmin\system\View\View.php(230): include('C:\\xampp\\htdocs...')
#2 C:\xampp\htdocs\anelkaadmin\system\View\View.php(232): CodeIgniter\View\View->CodeIgniter\View\{closure}()
#3 C:\xampp\htdocs\anelkaadmin\system\Common.php(1271): CodeIgniter\View\View->render('templates/heade...', Array, true)
#4 C:\xampp\htdocs\anelkaadmin\app\Controllers\Auth.php(26): view('templates/heade...', Array)
#5 C:\xampp\htdocs\anelkaadmin\system\CodeIgniter.php(928): App\Controllers\Auth->register()
#6 C:\xampp\htdocs\anelkaadmin\system\CodeIgniter.php(436): CodeIgniter\CodeIgniter->runController(Object(App\Controllers\Auth))
#7 C:\xampp\htdocs\anelkaadmin\system\CodeIgniter.php(336): CodeIgniter\CodeIgniter->handleRequest(NULL, Object(Config\Cache), false)
#8 C:\xampp\htdocs\anelkaadmin\public\index.php(37): CodeIgniter\CodeIgniter->run()
#9 C:\xampp\htdocs\anelkaadmin\system\Commands\Server\rewrite.php(45): require_once('C:\\xampp\\htdocs...')
#10 {main}
CRITICAL - 2021-11-22 10:47:19 --> Undefined variable $userInfo
#0 C:\xampp\htdocs\anelkaadmin\app\Views\templates\header.php(48): CodeIgniter\Debug\Exceptions->errorHandler(2, 'Undefined varia...', 'C:\\xampp\\htdocs...', 48)
#1 C:\xampp\htdocs\anelkaadmin\system\View\View.php(230): include('C:\\xampp\\htdocs...')
#2 C:\xampp\htdocs\anelkaadmin\system\View\View.php(232): CodeIgniter\View\View->CodeIgniter\View\{closure}()
#3 C:\xampp\htdocs\anelkaadmin\system\Common.php(1271): CodeIgniter\View\View->render('templates/heade...', Array, true)
#4 C:\xampp\htdocs\anelkaadmin\app\Controllers\Auth.php(26): view('templates/heade...', Array)
#5 C:\xampp\htdocs\anelkaadmin\system\CodeIgniter.php(928): App\Controllers\Auth->register()
#6 C:\xampp\htdocs\anelkaadmin\system\CodeIgniter.php(436): CodeIgniter\CodeIgniter->runController(Object(App\Controllers\Auth))
#7 C:\xampp\htdocs\anelkaadmin\system\CodeIgniter.php(336): CodeIgniter\CodeIgniter->handleRequest(NULL, Object(Config\Cache), false)
#8 C:\xampp\htdocs\anelkaadmin\public\index.php(37): CodeIgniter\CodeIgniter->run()
#9 C:\xampp\htdocs\anelkaadmin\system\Commands\Server\rewrite.php(45): require_once('C:\\xampp\\htdocs...')
#10 {main}
CRITICAL - 2021-11-22 10:47:25 --> Undefined variable $userInfo
#0 C:\xampp\htdocs\anelkaadmin\app\Views\templates\header.php(48): CodeIgniter\Debug\Exceptions->errorHandler(2, 'Undefined varia...', 'C:\\xampp\\htdocs...', 48)
#1 C:\xampp\htdocs\anelkaadmin\system\View\View.php(230): include('C:\\xampp\\htdocs...')
#2 C:\xampp\htdocs\anelkaadmin\system\View\View.php(232): CodeIgniter\View\View->CodeIgniter\View\{closure}()
#3 C:\xampp\htdocs\anelkaadmin\system\Common.php(1271): CodeIgniter\View\View->render('templates/heade...', Array, true)
#4 C:\xampp\htdocs\anelkaadmin\app\Controllers\Auth.php(26): view('templates/heade...', Array)
#5 C:\xampp\htdocs\anelkaadmin\system\CodeIgniter.php(928): App\Controllers\Auth->register()
#6 C:\xampp\htdocs\anelkaadmin\system\CodeIgniter.php(436): CodeIgniter\CodeIgniter->runController(Object(App\Controllers\Auth))
#7 C:\xampp\htdocs\anelkaadmin\system\CodeIgniter.php(336): CodeIgniter\CodeIgniter->handleRequest(NULL, Object(Config\Cache), false)
#8 C:\xampp\htdocs\anelkaadmin\public\index.php(37): CodeIgniter\CodeIgniter->run()
#9 C:\xampp\htdocs\anelkaadmin\system\Commands\Server\rewrite.php(45): require_once('C:\\xampp\\htdocs...')
#10 {main}
CRITICAL - 2021-11-22 10:47:45 --> Undefined variable $userInfo
#0 C:\xampp\htdocs\anelkaadmin\app\Views\templates\header.php(48): CodeIgniter\Debug\Exceptions->errorHandler(2, 'Undefined varia...', 'C:\\xampp\\htdocs...', 48)
#1 C:\xampp\htdocs\anelkaadmin\system\View\View.php(230): include('C:\\xampp\\htdocs...')
#2 C:\xampp\htdocs\anelkaadmin\system\View\View.php(232): CodeIgniter\View\View->CodeIgniter\View\{closure}()
#3 C:\xampp\htdocs\anelkaadmin\system\Common.php(1271): CodeIgniter\View\View->render('templates/heade...', Array, true)
#4 C:\xampp\htdocs\anelkaadmin\app\Controllers\Auth.php(26): view('templates/heade...', Array)
#5 C:\xampp\htdocs\anelkaadmin\system\CodeIgniter.php(928): App\Controllers\Auth->register()
#6 C:\xampp\htdocs\anelkaadmin\system\CodeIgniter.php(436): CodeIgniter\CodeIgniter->runController(Object(App\Controllers\Auth))
#7 C:\xampp\htdocs\anelkaadmin\system\CodeIgniter.php(336): CodeIgniter\CodeIgniter->handleRequest(NULL, Object(Config\Cache), false)
#8 C:\xampp\htdocs\anelkaadmin\public\index.php(37): CodeIgniter\CodeIgniter->run()
#9 C:\xampp\htdocs\anelkaadmin\system\Commands\Server\rewrite.php(45): require_once('C:\\xampp\\htdocs...')
#10 {main}
CRITICAL - 2021-11-22 10:47:46 --> Undefined variable $userInfo
#0 C:\xampp\htdocs\anelkaadmin\app\Views\templates\header.php(48): CodeIgniter\Debug\Exceptions->errorHandler(2, 'Undefined varia...', 'C:\\xampp\\htdocs...', 48)
#1 C:\xampp\htdocs\anelkaadmin\system\View\View.php(230): include('C:\\xampp\\htdocs...')
#2 C:\xampp\htdocs\anelkaadmin\system\View\View.php(232): CodeIgniter\View\View->CodeIgniter\View\{closure}()
#3 C:\xampp\htdocs\anelkaadmin\system\Common.php(1271): CodeIgniter\View\View->render('templates/heade...', Array, true)
#4 C:\xampp\htdocs\anelkaadmin\app\Controllers\Auth.php(26): view('templates/heade...', Array)
#5 C:\xampp\htdocs\anelkaadmin\system\CodeIgniter.php(928): App\Controllers\Auth->register()
#6 C:\xampp\htdocs\anelkaadmin\system\CodeIgniter.php(436): CodeIgniter\CodeIgniter->runController(Object(App\Controllers\Auth))
#7 C:\xampp\htdocs\anelkaadmin\system\CodeIgniter.php(336): CodeIgniter\CodeIgniter->handleRequest(NULL, Object(Config\Cache), false)
#8 C:\xampp\htdocs\anelkaadmin\public\index.php(37): CodeIgniter\CodeIgniter->run()
#9 C:\xampp\htdocs\anelkaadmin\system\Commands\Server\rewrite.php(45): require_once('C:\\xampp\\htdocs...')
#10 {main}
CRITICAL - 2021-11-22 10:47:57 --> Undefined variable $userInfo
#0 C:\xampp\htdocs\anelkaadmin\app\Views\templates\header.php(48): CodeIgniter\Debug\Exceptions->errorHandler(2, 'Undefined varia...', 'C:\\xampp\\htdocs...', 48)
#1 C:\xampp\htdocs\anelkaadmin\system\View\View.php(230): include('C:\\xampp\\htdocs...')
#2 C:\xampp\htdocs\anelkaadmin\system\View\View.php(232): CodeIgniter\View\View->CodeIgniter\View\{closure}()
#3 C:\xampp\htdocs\anelkaadmin\system\Common.php(1271): CodeIgniter\View\View->render('templates/heade...', Array, true)
#4 C:\xampp\htdocs\anelkaadmin\app\Controllers\Auth.php(26): view('templates/heade...', Array)
#5 C:\xampp\htdocs\anelkaadmin\system\CodeIgniter.php(928): App\Controllers\Auth->register()
#6 C:\xampp\htdocs\anelkaadmin\system\CodeIgniter.php(436): CodeIgniter\CodeIgniter->runController(Object(App\Controllers\Auth))
#7 C:\xampp\htdocs\anelkaadmin\system\CodeIgniter.php(336): CodeIgniter\CodeIgniter->handleRequest(NULL, Object(Config\Cache), false)
#8 C:\xampp\htdocs\anelkaadmin\public\index.php(37): CodeIgniter\CodeIgniter->run()
#9 C:\xampp\htdocs\anelkaadmin\system\Commands\Server\rewrite.php(45): require_once('C:\\xampp\\htdocs...')
#10 {main}
CRITICAL - 2021-11-22 10:47:58 --> Undefined variable $userInfo
#0 C:\xampp\htdocs\anelkaadmin\app\Views\templates\header.php(48): CodeIgniter\Debug\Exceptions->errorHandler(2, 'Undefined varia...', 'C:\\xampp\\htdocs...', 48)
#1 C:\xampp\htdocs\anelkaadmin\system\View\View.php(230): include('C:\\xampp\\htdocs...')
#2 C:\xampp\htdocs\anelkaadmin\system\View\View.php(232): CodeIgniter\View\View->CodeIgniter\View\{closure}()
#3 C:\xampp\htdocs\anelkaadmin\system\Common.php(1271): CodeIgniter\View\View->render('templates/heade...', Array, true)
#4 C:\xampp\htdocs\anelkaadmin\app\Controllers\Auth.php(26): view('templates/heade...', Array)
#5 C:\xampp\htdocs\anelkaadmin\system\CodeIgniter.php(928): App\Controllers\Auth->register()
#6 C:\xampp\htdocs\anelkaadmin\system\CodeIgniter.php(436): CodeIgniter\CodeIgniter->runController(Object(App\Controllers\Auth))
#7 C:\xampp\htdocs\anelkaadmin\system\CodeIgniter.php(336): CodeIgniter\CodeIgniter->handleRequest(NULL, Object(Config\Cache), false)
#8 C:\xampp\htdocs\anelkaadmin\public\index.php(37): CodeIgniter\CodeIgniter->run()
#9 C:\xampp\htdocs\anelkaadmin\system\Commands\Server\rewrite.php(45): require_once('C:\\xampp\\htdocs...')
#10 {main}
CRITICAL - 2021-11-22 10:48:07 --> Undefined variable $userInfo
#0 C:\xampp\htdocs\anelkaadmin\app\Views\templates\header.php(48): CodeIgniter\Debug\Exceptions->errorHandler(2, 'Undefined varia...', 'C:\\xampp\\htdocs...', 48)
#1 C:\xampp\htdocs\anelkaadmin\system\View\View.php(230): include('C:\\xampp\\htdocs...')
#2 C:\xampp\htdocs\anelkaadmin\system\View\View.php(232): CodeIgniter\View\View->CodeIgniter\View\{closure}()
#3 C:\xampp\htdocs\anelkaadmin\system\Common.php(1271): CodeIgniter\View\View->render('templates/heade...', Array, true)
#4 C:\xampp\htdocs\anelkaadmin\app\Controllers\Auth.php(26): view('templates/heade...', Array)
#5 C:\xampp\htdocs\anelkaadmin\system\CodeIgniter.php(928): App\Controllers\Auth->register()
#6 C:\xampp\htdocs\anelkaadmin\system\CodeIgniter.php(436): CodeIgniter\CodeIgniter->runController(Object(App\Controllers\Auth))
#7 C:\xampp\htdocs\anelkaadmin\system\CodeIgniter.php(336): CodeIgniter\CodeIgniter->handleRequest(NULL, Object(Config\Cache), false)
#8 C:\xampp\htdocs\anelkaadmin\public\index.php(37): CodeIgniter\CodeIgniter->run()
#9 C:\xampp\htdocs\anelkaadmin\system\Commands\Server\rewrite.php(45): require_once('C:\\xampp\\htdocs...')
#10 {main}
CRITICAL - 2021-11-22 10:48:07 --> Undefined variable $userInfo
#0 C:\xampp\htdocs\anelkaadmin\app\Views\templates\header.php(48): CodeIgniter\Debug\Exceptions->errorHandler(2, 'Undefined varia...', 'C:\\xampp\\htdocs...', 48)
#1 C:\xampp\htdocs\anelkaadmin\system\View\View.php(230): include('C:\\xampp\\htdocs...')
#2 C:\xampp\htdocs\anelkaadmin\system\View\View.php(232): CodeIgniter\View\View->CodeIgniter\View\{closure}()
#3 C:\xampp\htdocs\anelkaadmin\system\Common.php(1271): CodeIgniter\View\View->render('templates/heade...', Array, true)
#4 C:\xampp\htdocs\anelkaadmin\app\Controllers\Auth.php(26): view('templates/heade...', Array)
#5 C:\xampp\htdocs\anelkaadmin\system\CodeIgniter.php(928): App\Controllers\Auth->register()
#6 C:\xampp\htdocs\anelkaadmin\system\CodeIgniter.php(436): CodeIgniter\CodeIgniter->runController(Object(App\Controllers\Auth))
#7 C:\xampp\htdocs\anelkaadmin\system\CodeIgniter.php(336): CodeIgniter\CodeIgniter->handleRequest(NULL, Object(Config\Cache), false)
#8 C:\xampp\htdocs\anelkaadmin\public\index.php(37): CodeIgniter\CodeIgniter->run()
#9 C:\xampp\htdocs\anelkaadmin\system\Commands\Server\rewrite.php(45): require_once('C:\\xampp\\htdocs...')
#10 {main}
CRITICAL - 2021-11-22 10:48:34 --> Undefined variable $userInfo
#0 C:\xampp\htdocs\anelkaadmin\app\Views\templates\header.php(48): CodeIgniter\Debug\Exceptions->errorHandler(2, 'Undefined varia...', 'C:\\xampp\\htdocs...', 48)
#1 C:\xampp\htdocs\anelkaadmin\system\View\View.php(230): include('C:\\xampp\\htdocs...')
#2 C:\xampp\htdocs\anelkaadmin\system\View\View.php(232): CodeIgniter\View\View->CodeIgniter\View\{closure}()
#3 C:\xampp\htdocs\anelkaadmin\system\Common.php(1271): CodeIgniter\View\View->render('templates/heade...', Array, true)
#4 C:\xampp\htdocs\anelkaadmin\app\Controllers\Auth.php(26): view('templates/heade...', Array)
#5 C:\xampp\htdocs\anelkaadmin\system\CodeIgniter.php(928): App\Controllers\Auth->register()
#6 C:\xampp\htdocs\anelkaadmin\system\CodeIgniter.php(436): CodeIgniter\CodeIgniter->runController(Object(App\Controllers\Auth))
#7 C:\xampp\htdocs\anelkaadmin\system\CodeIgniter.php(336): CodeIgniter\CodeIgniter->handleRequest(NULL, Object(Config\Cache), false)
#8 C:\xampp\htdocs\anelkaadmin\public\index.php(37): CodeIgniter\CodeIgniter->run()
#9 C:\xampp\htdocs\anelkaadmin\system\Commands\Server\rewrite.php(45): require_once('C:\\xampp\\htdocs...')
#10 {main}
CRITICAL - 2021-11-22 10:49:46 --> Undefined variable $userInfo
#0 C:\xampp\htdocs\anelkaadmin\app\Views\templates\header.php(48): CodeIgniter\Debug\Exceptions->errorHandler(2, 'Undefined varia...', 'C:\\xampp\\htdocs...', 48)
#1 C:\xampp\htdocs\anelkaadmin\system\View\View.php(230): include('C:\\xampp\\htdocs...')
#2 C:\xampp\htdocs\anelkaadmin\system\View\View.php(232): CodeIgniter\View\View->CodeIgniter\View\{closure}()
#3 C:\xampp\htdocs\anelkaadmin\system\Common.php(1271): CodeIgniter\View\View->render('templates/heade...', Array, true)
#4 C:\xampp\htdocs\anelkaadmin\app\Controllers\Auth.php(187): view('templates/heade...', Array)
#5 C:\xampp\htdocs\anelkaadmin\system\CodeIgniter.php(928): App\Controllers\Auth->save()
#6 C:\xampp\htdocs\anelkaadmin\system\CodeIgniter.php(436): CodeIgniter\CodeIgniter->runController(Object(App\Controllers\Auth))
#7 C:\xampp\htdocs\anelkaadmin\system\CodeIgniter.php(336): CodeIgniter\CodeIgniter->handleRequest(NULL, Object(Config\Cache), false)
#8 C:\xampp\htdocs\anelkaadmin\public\index.php(37): CodeIgniter\CodeIgniter->run()
#9 C:\xampp\htdocs\anelkaadmin\system\Commands\Server\rewrite.php(45): require_once('C:\\xampp\\htdocs...')
#10 {main}
CRITICAL - 2021-11-22 10:50:04 --> Undefined variable $userInfo
#0 C:\xampp\htdocs\anelkaadmin\app\Views\templates\header.php(48): CodeIgniter\Debug\Exceptions->errorHandler(2, 'Undefined varia...', 'C:\\xampp\\htdocs...', 48)
#1 C:\xampp\htdocs\anelkaadmin\system\View\View.php(230): include('C:\\xampp\\htdocs...')
#2 C:\xampp\htdocs\anelkaadmin\system\View\View.php(232): CodeIgniter\View\View->CodeIgniter\View\{closure}()
#3 C:\xampp\htdocs\anelkaadmin\system\Common.php(1271): CodeIgniter\View\View->render('templates/heade...', Array, true)
#4 C:\xampp\htdocs\anelkaadmin\app\Controllers\Auth.php(26): view('templates/heade...', Array)
#5 C:\xampp\htdocs\anelkaadmin\system\CodeIgniter.php(928): App\Controllers\Auth->register()
#6 C:\xampp\htdocs\anelkaadmin\system\CodeIgniter.php(436): CodeIgniter\CodeIgniter->runController(Object(App\Controllers\Auth))
#7 C:\xampp\htdocs\anelkaadmin\system\CodeIgniter.php(336): CodeIgniter\CodeIgniter->handleRequest(NULL, Object(Config\Cache), false)
#8 C:\xampp\htdocs\anelkaadmin\public\index.php(37): CodeIgniter\CodeIgniter->run()
#9 C:\xampp\htdocs\anelkaadmin\system\Commands\Server\rewrite.php(45): require_once('C:\\xampp\\htdocs...')
#10 {main}
CRITICAL - 2021-11-22 10:51:48 --> Undefined variable $userInfo
#0 C:\xampp\htdocs\anelkaadmin\app\Views\templates\header.php(48): CodeIgniter\Debug\Exceptions->errorHandler(2, 'Undefined varia...', 'C:\\xampp\\htdocs...', 48)
#1 C:\xampp\htdocs\anelkaadmin\system\View\View.php(230): include('C:\\xampp\\htdocs...')
#2 C:\xampp\htdocs\anelkaadmin\system\View\View.php(232): CodeIgniter\View\View->CodeIgniter\View\{closure}()
#3 C:\xampp\htdocs\anelkaadmin\system\Common.php(1271): CodeIgniter\View\View->render('templates/heade...', Array, true)
#4 C:\xampp\htdocs\anelkaadmin\app\Controllers\Auth.php(26): view('templates/heade...', Array)
#5 C:\xampp\htdocs\anelkaadmin\system\CodeIgniter.php(928): App\Controllers\Auth->register()
#6 C:\xampp\htdocs\anelkaadmin\system\CodeIgniter.php(436): CodeIgniter\CodeIgniter->runController(Object(App\Controllers\Auth))
#7 C:\xampp\htdocs\anelkaadmin\system\CodeIgniter.php(336): CodeIgniter\CodeIgniter->handleRequest(NULL, Object(Config\Cache), false)
#8 C:\xampp\htdocs\anelkaadmin\public\index.php(37): CodeIgniter\CodeIgniter->run()
#9 C:\xampp\htdocs\anelkaadmin\system\Commands\Server\rewrite.php(45): require_once('C:\\xampp\\htdocs...')
#10 {main}
CRITICAL - 2021-11-22 11:12:26 --> Trying to access array offset on value of type null
#0 C:\xampp\htdocs\anelkaadmin\app\Controllers\Auth.php(304): CodeIgniter\Debug\Exceptions->errorHandler(2, 'Trying to acces...', 'C:\\xampp\\htdocs...', 304)
#1 C:\xampp\htdocs\anelkaadmin\system\CodeIgniter.php(928): App\Controllers\Auth->check()
#2 C:\xampp\htdocs\anelkaadmin\system\CodeIgniter.php(436): CodeIgniter\CodeIgniter->runController(Object(App\Controllers\Auth))
#3 C:\xampp\htdocs\anelkaadmin\system\CodeIgniter.php(336): CodeIgniter\CodeIgniter->handleRequest(NULL, Object(Config\Cache), false)
#4 C:\xampp\htdocs\anelkaadmin\public\index.php(37): CodeIgniter\CodeIgniter->run()
#5 C:\xampp\htdocs\anelkaadmin\system\Commands\Server\rewrite.php(45): require_once('C:\\xampp\\htdocs...')
#6 {main}
CRITICAL - 2021-11-22 11:12:32 --> Trying to access array offset on value of type null
#0 C:\xampp\htdocs\anelkaadmin\app\Controllers\Auth.php(304): CodeIgniter\Debug\Exceptions->errorHandler(2, 'Trying to acces...', 'C:\\xampp\\htdocs...', 304)
#1 C:\xampp\htdocs\anelkaadmin\system\CodeIgniter.php(928): App\Controllers\Auth->check()
#2 C:\xampp\htdocs\anelkaadmin\system\CodeIgniter.php(436): CodeIgniter\CodeIgniter->runController(Object(App\Controllers\Auth))
#3 C:\xampp\htdocs\anelkaadmin\system\CodeIgniter.php(336): CodeIgniter\CodeIgniter->handleRequest(NULL, Object(Config\Cache), false)
#4 C:\xampp\htdocs\anelkaadmin\public\index.php(37): CodeIgniter\CodeIgniter->run()
#5 C:\xampp\htdocs\anelkaadmin\system\Commands\Server\rewrite.php(45): require_once('C:\\xampp\\htdocs...')
#6 {main}
CRITICAL - 2021-11-22 11:25:42 --> Trying to access array offset on value of type null
#0 C:\xampp\htdocs\anelkaadmin\app\Controllers\Auth.php(303): CodeIgniter\Debug\Exceptions->errorHandler(2, 'Trying to acces...', 'C:\\xampp\\htdocs...', 303)
#1 C:\xampp\htdocs\anelkaadmin\system\CodeIgniter.php(928): App\Controllers\Auth->check()
#2 C:\xampp\htdocs\anelkaadmin\system\CodeIgniter.php(436): CodeIgniter\CodeIgniter->runController(Object(App\Controllers\Auth))
#3 C:\xampp\htdocs\anelkaadmin\system\CodeIgniter.php(336): CodeIgniter\CodeIgniter->handleRequest(NULL, Object(Config\Cache), false)
#4 C:\xampp\htdocs\anelkaadmin\public\index.php(37): CodeIgniter\CodeIgniter->run()
#5 C:\xampp\htdocs\anelkaadmin\system\Commands\Server\rewrite.php(45): require_once('C:\\xampp\\htdocs...')
#6 {main}
CRITICAL - 2021-11-22 11:30:45 --> Trying to access array offset on value of type null
#0 C:\xampp\htdocs\anelkaadmin\app\Controllers\Auth.php(303): CodeIgniter\Debug\Exceptions->errorHandler(2, 'Trying to acces...', 'C:\\xampp\\htdocs...', 303)
#1 C:\xampp\htdocs\anelkaadmin\system\CodeIgniter.php(928): App\Controllers\Auth->check()
#2 C:\xampp\htdocs\anelkaadmin\system\CodeIgniter.php(436): CodeIgniter\CodeIgniter->runController(Object(App\Controllers\Auth))
#3 C:\xampp\htdocs\anelkaadmin\system\CodeIgniter.php(336): CodeIgniter\CodeIgniter->handleRequest(NULL, Object(Config\Cache), false)
#4 C:\xampp\htdocs\anelkaadmin\public\index.php(37): CodeIgniter\CodeIgniter->run()
#5 C:\xampp\htdocs\anelkaadmin\system\Commands\Server\rewrite.php(45): require_once('C:\\xampp\\htdocs...')
#6 {main}
CRITICAL - 2021-11-22 11:30:53 --> Trying to access array offset on value of type null
#0 C:\xampp\htdocs\anelkaadmin\app\Controllers\Auth.php(303): CodeIgniter\Debug\Exceptions->errorHandler(2, 'Trying to acces...', 'C:\\xampp\\htdocs...', 303)
#1 C:\xampp\htdocs\anelkaadmin\system\CodeIgniter.php(928): App\Controllers\Auth->check()
#2 C:\xampp\htdocs\anelkaadmin\system\CodeIgniter.php(436): CodeIgniter\CodeIgniter->runController(Object(App\Controllers\Auth))
#3 C:\xampp\htdocs\anelkaadmin\system\CodeIgniter.php(336): CodeIgniter\CodeIgniter->handleRequest(NULL, Object(Config\Cache), false)
#4 C:\xampp\htdocs\anelkaadmin\public\index.php(37): CodeIgniter\CodeIgniter->run()
#5 C:\xampp\htdocs\anelkaadmin\system\Commands\Server\rewrite.php(45): require_once('C:\\xampp\\htdocs...')
#6 {main}
CRITICAL - 2021-11-22 12:00:42 --> Trying to access array offset on value of type null
#0 C:\xampp\htdocs\anelkaadmin\app\Controllers\Auth.php(303): CodeIgniter\Debug\Exceptions->errorHandler(2, 'Trying to acces...', 'C:\\xampp\\htdocs...', 303)
#1 C:\xampp\htdocs\anelkaadmin\system\CodeIgniter.php(928): App\Controllers\Auth->check()
#2 C:\xampp\htdocs\anelkaadmin\system\CodeIgniter.php(436): CodeIgniter\CodeIgniter->runController(Object(App\Controllers\Auth))
#3 C:\xampp\htdocs\anelkaadmin\system\CodeIgniter.php(336): CodeIgniter\CodeIgniter->handleRequest(NULL, Object(Config\Cache), false)
#4 C:\xampp\htdocs\anelkaadmin\public\index.php(37): CodeIgniter\CodeIgniter->run()
#5 C:\xampp\htdocs\anelkaadmin\system\Commands\Server\rewrite.php(45): require_once('C:\\xampp\\htdocs...')
#6 {main}
CRITICAL - 2021-11-22 12:34:01 --> syntax error, unexpected token "if"
#0 C:\xampp\htdocs\anelkaadmin\system\CodeIgniter.php(389): CodeIgniter\CodeIgniter->tryToRouteIt(NULL)
#1 C:\xampp\htdocs\anelkaadmin\system\CodeIgniter.php(336): CodeIgniter\CodeIgniter->handleRequest(NULL, Object(Config\Cache), false)
#2 C:\xampp\htdocs\anelkaadmin\public\index.php(37): CodeIgniter\CodeIgniter->run()
#3 C:\xampp\htdocs\anelkaadmin\system\Commands\Server\rewrite.php(45): require_once('C:\\xampp\\htdocs...')
#4 {main}
CRITICAL - 2021-11-22 12:34:09 --> syntax error, unexpected token "if"
#0 C:\xampp\htdocs\anelkaadmin\system\CodeIgniter.php(389): CodeIgniter\CodeIgniter->tryToRouteIt(NULL)
#1 C:\xampp\htdocs\anelkaadmin\system\CodeIgniter.php(336): CodeIgniter\CodeIgniter->handleRequest(NULL, Object(Config\Cache), false)
#2 C:\xampp\htdocs\anelkaadmin\public\index.php(37): CodeIgniter\CodeIgniter->run()
#3 C:\xampp\htdocs\anelkaadmin\system\Commands\Server\rewrite.php(45): require_once('C:\\xampp\\htdocs...')
#4 {main}
CRITICAL - 2021-11-22 13:53:32 --> Undefined variable $userInfo
#0 C:\xampp\htdocs\anelkaadmin\app\Views\templates\header.php(48): CodeIgniter\Debug\Exceptions->errorHandler(2, 'Undefined varia...', 'C:\\xampp\\htdocs...', 48)
#1 C:\xampp\htdocs\anelkaadmin\system\View\View.php(230): include('C:\\xampp\\htdocs...')
#2 C:\xampp\htdocs\anelkaadmin\system\View\View.php(232): CodeIgniter\View\View->CodeIgniter\View\{closure}()
#3 C:\xampp\htdocs\anelkaadmin\system\Common.php(1271): CodeIgniter\View\View->render('templates/heade...', Array, true)
#4 C:\xampp\htdocs\anelkaadmin\app\Controllers\Auth.php(187): view('templates/heade...', Array)
#5 C:\xampp\htdocs\anelkaadmin\system\CodeIgniter.php(928): App\Controllers\Auth->save()
#6 C:\xampp\htdocs\anelkaadmin\system\CodeIgniter.php(436): CodeIgniter\CodeIgniter->runController(Object(App\Controllers\Auth))
#7 C:\xampp\htdocs\anelkaadmin\system\CodeIgniter.php(336): CodeIgniter\CodeIgniter->handleRequest(NULL, Object(Config\Cache), false)
#8 C:\xampp\htdocs\anelkaadmin\public\index.php(37): CodeIgniter\CodeIgniter->run()
#9 C:\xampp\htdocs\anelkaadmin\system\Commands\Server\rewrite.php(45): require_once('C:\\xampp\\htdocs...')
#10 {main}
CRITICAL - 2021-11-22 13:54:03 --> Undefined variable $userInfo
#0 C:\xampp\htdocs\anelkaadmin\app\Views\templates\header.php(48): CodeIgniter\Debug\Exceptions->errorHandler(2, 'Undefined varia...', 'C:\\xampp\\htdocs...', 48)
#1 C:\xampp\htdocs\anelkaadmin\system\View\View.php(230): include('C:\\xampp\\htdocs...')
#2 C:\xampp\htdocs\anelkaadmin\system\View\View.php(232): CodeIgniter\View\View->CodeIgniter\View\{closure}()
#3 C:\xampp\htdocs\anelkaadmin\system\Common.php(1271): CodeIgniter\View\View->render('templates/heade...', Array, true)
#4 C:\xampp\htdocs\anelkaadmin\app\Controllers\Auth.php(187): view('templates/heade...', Array)
#5 C:\xampp\htdocs\anelkaadmin\system\CodeIgniter.php(928): App\Controllers\Auth->save()
#6 C:\xampp\htdocs\anelkaadmin\system\CodeIgniter.php(436): CodeIgniter\CodeIgniter->runController(Object(App\Controllers\Auth))
#7 C:\xampp\htdocs\anelkaadmin\system\CodeIgniter.php(336): CodeIgniter\CodeIgniter->handleRequest(NULL, Object(Config\Cache), false)
#8 C:\xampp\htdocs\anelkaadmin\public\index.php(37): CodeIgniter\CodeIgniter->run()
#9 C:\xampp\htdocs\anelkaadmin\system\Commands\Server\rewrite.php(45): require_once('C:\\xampp\\htdocs...')
#10 {main}
