ERROR - 2021-11-14 00:26:25 --> Column 'category_name' cannot be null
CRITICAL - 2021-11-14 00:26:25 --> Column 'category_name' cannot be null
#0 C:\xampp\htdocs\thewardrobeadmin1\system\Database\MySQLi\Connection.php(329): mysqli->query('INSERT INTO `tb...')
#1 C:\xampp\htdocs\thewardrobeadmin1\system\Database\BaseConnection.php(732): CodeIgniter\Database\MySQLi\Connection->execute('INSERT INTO `tb...')
#2 C:\xampp\htdocs\thewardrobeadmin1\system\Database\BaseConnection.php(647): CodeIgniter\Database\BaseConnection->simpleQuery('INSERT INTO `tb...')
#3 C:\xampp\htdocs\thewardrobeadmin1\system\Database\BaseBuilder.php(2277): CodeIgniter\Database\BaseConnection->query('INSERT INTO `tb...', Array, false)
#4 C:\xampp\htdocs\thewardrobeadmin1\system\Model.php(259): CodeIgniter\Database\BaseBuilder->insert()
#5 C:\xampp\htdocs\thewardrobeadmin1\system\BaseModel.php(774): CodeIgniter\Model->doInsert(Array)
#6 C:\xampp\htdocs\thewardrobeadmin1\system\Model.php(686): CodeIgniter\BaseModel->insert(Array, true)
#7 C:\xampp\htdocs\thewardrobeadmin1\app\Controllers\AdminController.php(305): CodeIgniter\Model->insert(Array)
#8 C:\xampp\htdocs\thewardrobeadmin1\system\CodeIgniter.php(928): App\Controllers\AdminController->addCategory()
#9 C:\xampp\htdocs\thewardrobeadmin1\system\CodeIgniter.php(436): CodeIgniter\CodeIgniter->runController(Object(App\Controllers\AdminController))
#10 C:\xampp\htdocs\thewardrobeadmin1\system\CodeIgniter.php(336): CodeIgniter\CodeIgniter->handleRequest(NULL, Object(Config\Cache), false)
#11 C:\xampp\htdocs\thewardrobeadmin1\public\index.php(37): CodeIgniter\CodeIgniter->run()
#12 C:\xampp\htdocs\thewardrobeadmin1\system\Commands\Server\rewrite.php(45): require_once('C:\\xampp\\htdocs...')
#13 {main}
ERROR - 2021-11-14 00:26:26 --> Column 'category_name' cannot be null
CRITICAL - 2021-11-14 00:26:26 --> Column 'category_name' cannot be null
#0 C:\xampp\htdocs\thewardrobeadmin1\system\Database\MySQLi\Connection.php(329): mysqli->query('INSERT INTO `tb...')
#1 C:\xampp\htdocs\thewardrobeadmin1\system\Database\BaseConnection.php(732): CodeIgniter\Database\MySQLi\Connection->execute('INSERT INTO `tb...')
#2 C:\xampp\htdocs\thewardrobeadmin1\system\Database\BaseConnection.php(647): CodeIgniter\Database\BaseConnection->simpleQuery('INSERT INTO `tb...')
#3 C:\xampp\htdocs\thewardrobeadmin1\system\Database\BaseBuilder.php(2277): CodeIgniter\Database\BaseConnection->query('INSERT INTO `tb...', Array, false)
#4 C:\xampp\htdocs\thewardrobeadmin1\system\Model.php(259): CodeIgniter\Database\BaseBuilder->insert()
#5 C:\xampp\htdocs\thewardrobeadmin1\system\BaseModel.php(774): CodeIgniter\Model->doInsert(Array)
#6 C:\xampp\htdocs\thewardrobeadmin1\system\Model.php(686): CodeIgniter\BaseModel->insert(Array, true)
#7 C:\xampp\htdocs\thewardrobeadmin1\app\Controllers\AdminController.php(305): CodeIgniter\Model->insert(Array)
#8 C:\xampp\htdocs\thewardrobeadmin1\system\CodeIgniter.php(928): App\Controllers\AdminController->addCategory()
#9 C:\xampp\htdocs\thewardrobeadmin1\system\CodeIgniter.php(436): CodeIgniter\CodeIgniter->runController(Object(App\Controllers\AdminController))
#10 C:\xampp\htdocs\thewardrobeadmin1\system\CodeIgniter.php(336): CodeIgniter\CodeIgniter->handleRequest(NULL, Object(Config\Cache), false)
#11 C:\xampp\htdocs\thewardrobeadmin1\public\index.php(37): CodeIgniter\CodeIgniter->run()
#12 C:\xampp\htdocs\thewardrobeadmin1\system\Commands\Server\rewrite.php(45): require_once('C:\\xampp\\htdocs...')
#13 {main}
ERROR - 2021-11-14 00:26:27 --> Column 'category_name' cannot be null
CRITICAL - 2021-11-14 00:26:27 --> Column 'category_name' cannot be null
#0 C:\xampp\htdocs\thewardrobeadmin1\system\Database\MySQLi\Connection.php(329): mysqli->query('INSERT INTO `tb...')
#1 C:\xampp\htdocs\thewardrobeadmin1\system\Database\BaseConnection.php(732): CodeIgniter\Database\MySQLi\Connection->execute('INSERT INTO `tb...')
#2 C:\xampp\htdocs\thewardrobeadmin1\system\Database\BaseConnection.php(647): CodeIgniter\Database\BaseConnection->simpleQuery('INSERT INTO `tb...')
#3 C:\xampp\htdocs\thewardrobeadmin1\system\Database\BaseBuilder.php(2277): CodeIgniter\Database\BaseConnection->query('INSERT INTO `tb...', Array, false)
#4 C:\xampp\htdocs\thewardrobeadmin1\system\Model.php(259): CodeIgniter\Database\BaseBuilder->insert()
#5 C:\xampp\htdocs\thewardrobeadmin1\system\BaseModel.php(774): CodeIgniter\Model->doInsert(Array)
#6 C:\xampp\htdocs\thewardrobeadmin1\system\Model.php(686): CodeIgniter\BaseModel->insert(Array, true)
#7 C:\xampp\htdocs\thewardrobeadmin1\app\Controllers\AdminController.php(305): CodeIgniter\Model->insert(Array)
#8 C:\xampp\htdocs\thewardrobeadmin1\system\CodeIgniter.php(928): App\Controllers\AdminController->addCategory()
#9 C:\xampp\htdocs\thewardrobeadmin1\system\CodeIgniter.php(436): CodeIgniter\CodeIgniter->runController(Object(App\Controllers\AdminController))
#10 C:\xampp\htdocs\thewardrobeadmin1\system\CodeIgniter.php(336): CodeIgniter\CodeIgniter->handleRequest(NULL, Object(Config\Cache), false)
#11 C:\xampp\htdocs\thewardrobeadmin1\public\index.php(37): CodeIgniter\CodeIgniter->run()
#12 C:\xampp\htdocs\thewardrobeadmin1\system\Commands\Server\rewrite.php(45): require_once('C:\\xampp\\htdocs...')
#13 {main}
ERROR - 2021-11-14 00:26:27 --> Column 'category_name' cannot be null
CRITICAL - 2021-11-14 00:26:27 --> Column 'category_name' cannot be null
#0 C:\xampp\htdocs\thewardrobeadmin1\system\Database\MySQLi\Connection.php(329): mysqli->query('INSERT INTO `tb...')
#1 C:\xampp\htdocs\thewardrobeadmin1\system\Database\BaseConnection.php(732): CodeIgniter\Database\MySQLi\Connection->execute('INSERT INTO `tb...')
#2 C:\xampp\htdocs\thewardrobeadmin1\system\Database\BaseConnection.php(647): CodeIgniter\Database\BaseConnection->simpleQuery('INSERT INTO `tb...')
#3 C:\xampp\htdocs\thewardrobeadmin1\system\Database\BaseBuilder.php(2277): CodeIgniter\Database\BaseConnection->query('INSERT INTO `tb...', Array, false)
#4 C:\xampp\htdocs\thewardrobeadmin1\system\Model.php(259): CodeIgniter\Database\BaseBuilder->insert()
#5 C:\xampp\htdocs\thewardrobeadmin1\system\BaseModel.php(774): CodeIgniter\Model->doInsert(Array)
#6 C:\xampp\htdocs\thewardrobeadmin1\system\Model.php(686): CodeIgniter\BaseModel->insert(Array, true)
#7 C:\xampp\htdocs\thewardrobeadmin1\app\Controllers\AdminController.php(305): CodeIgniter\Model->insert(Array)
#8 C:\xampp\htdocs\thewardrobeadmin1\system\CodeIgniter.php(928): App\Controllers\AdminController->addCategory()
#9 C:\xampp\htdocs\thewardrobeadmin1\system\CodeIgniter.php(436): CodeIgniter\CodeIgniter->runController(Object(App\Controllers\AdminController))
#10 C:\xampp\htdocs\thewardrobeadmin1\system\CodeIgniter.php(336): CodeIgniter\CodeIgniter->handleRequest(NULL, Object(Config\Cache), false)
#11 C:\xampp\htdocs\thewardrobeadmin1\public\index.php(37): CodeIgniter\CodeIgniter->run()
#12 C:\xampp\htdocs\thewardrobeadmin1\system\Commands\Server\rewrite.php(45): require_once('C:\\xampp\\htdocs...')
#13 {main}
ERROR - 2021-11-14 00:26:27 --> Column 'category_name' cannot be null
CRITICAL - 2021-11-14 00:26:27 --> Column 'category_name' cannot be null
#0 C:\xampp\htdocs\thewardrobeadmin1\system\Database\MySQLi\Connection.php(329): mysqli->query('INSERT INTO `tb...')
#1 C:\xampp\htdocs\thewardrobeadmin1\system\Database\BaseConnection.php(732): CodeIgniter\Database\MySQLi\Connection->execute('INSERT INTO `tb...')
#2 C:\xampp\htdocs\thewardrobeadmin1\system\Database\BaseConnection.php(647): CodeIgniter\Database\BaseConnection->simpleQuery('INSERT INTO `tb...')
#3 C:\xampp\htdocs\thewardrobeadmin1\system\Database\BaseBuilder.php(2277): CodeIgniter\Database\BaseConnection->query('INSERT INTO `tb...', Array, false)
#4 C:\xampp\htdocs\thewardrobeadmin1\system\Model.php(259): CodeIgniter\Database\BaseBuilder->insert()
#5 C:\xampp\htdocs\thewardrobeadmin1\system\BaseModel.php(774): CodeIgniter\Model->doInsert(Array)
#6 C:\xampp\htdocs\thewardrobeadmin1\system\Model.php(686): CodeIgniter\BaseModel->insert(Array, true)
#7 C:\xampp\htdocs\thewardrobeadmin1\app\Controllers\AdminController.php(305): CodeIgniter\Model->insert(Array)
#8 C:\xampp\htdocs\thewardrobeadmin1\system\CodeIgniter.php(928): App\Controllers\AdminController->addCategory()
#9 C:\xampp\htdocs\thewardrobeadmin1\system\CodeIgniter.php(436): CodeIgniter\CodeIgniter->runController(Object(App\Controllers\AdminController))
#10 C:\xampp\htdocs\thewardrobeadmin1\system\CodeIgniter.php(336): CodeIgniter\CodeIgniter->handleRequest(NULL, Object(Config\Cache), false)
#11 C:\xampp\htdocs\thewardrobeadmin1\public\index.php(37): CodeIgniter\CodeIgniter->run()
#12 C:\xampp\htdocs\thewardrobeadmin1\system\Commands\Server\rewrite.php(45): require_once('C:\\xampp\\htdocs...')
#13 {main}
ERROR - 2021-11-14 00:26:27 --> Column 'category_name' cannot be null
CRITICAL - 2021-11-14 00:26:27 --> Column 'category_name' cannot be null
#0 C:\xampp\htdocs\thewardrobeadmin1\system\Database\MySQLi\Connection.php(329): mysqli->query('INSERT INTO `tb...')
#1 C:\xampp\htdocs\thewardrobeadmin1\system\Database\BaseConnection.php(732): CodeIgniter\Database\MySQLi\Connection->execute('INSERT INTO `tb...')
#2 C:\xampp\htdocs\thewardrobeadmin1\system\Database\BaseConnection.php(647): CodeIgniter\Database\BaseConnection->simpleQuery('INSERT INTO `tb...')
#3 C:\xampp\htdocs\thewardrobeadmin1\system\Database\BaseBuilder.php(2277): CodeIgniter\Database\BaseConnection->query('INSERT INTO `tb...', Array, false)
#4 C:\xampp\htdocs\thewardrobeadmin1\system\Model.php(259): CodeIgniter\Database\BaseBuilder->insert()
#5 C:\xampp\htdocs\thewardrobeadmin1\system\BaseModel.php(774): CodeIgniter\Model->doInsert(Array)
#6 C:\xampp\htdocs\thewardrobeadmin1\system\Model.php(686): CodeIgniter\BaseModel->insert(Array, true)
#7 C:\xampp\htdocs\thewardrobeadmin1\app\Controllers\AdminController.php(305): CodeIgniter\Model->insert(Array)
#8 C:\xampp\htdocs\thewardrobeadmin1\system\CodeIgniter.php(928): App\Controllers\AdminController->addCategory()
#9 C:\xampp\htdocs\thewardrobeadmin1\system\CodeIgniter.php(436): CodeIgniter\CodeIgniter->runController(Object(App\Controllers\AdminController))
#10 C:\xampp\htdocs\thewardrobeadmin1\system\CodeIgniter.php(336): CodeIgniter\CodeIgniter->handleRequest(NULL, Object(Config\Cache), false)
#11 C:\xampp\htdocs\thewardrobeadmin1\public\index.php(37): CodeIgniter\CodeIgniter->run()
#12 C:\xampp\htdocs\thewardrobeadmin1\system\Commands\Server\rewrite.php(45): require_once('C:\\xampp\\htdocs...')
#13 {main}
ERROR - 2021-11-14 00:26:27 --> Column 'category_name' cannot be null
CRITICAL - 2021-11-14 00:26:27 --> Column 'category_name' cannot be null
#0 C:\xampp\htdocs\thewardrobeadmin1\system\Database\MySQLi\Connection.php(329): mysqli->query('INSERT INTO `tb...')
#1 C:\xampp\htdocs\thewardrobeadmin1\system\Database\BaseConnection.php(732): CodeIgniter\Database\MySQLi\Connection->execute('INSERT INTO `tb...')
#2 C:\xampp\htdocs\thewardrobeadmin1\system\Database\BaseConnection.php(647): CodeIgniter\Database\BaseConnection->simpleQuery('INSERT INTO `tb...')
#3 C:\xampp\htdocs\thewardrobeadmin1\system\Database\BaseBuilder.php(2277): CodeIgniter\Database\BaseConnection->query('INSERT INTO `tb...', Array, false)
#4 C:\xampp\htdocs\thewardrobeadmin1\system\Model.php(259): CodeIgniter\Database\BaseBuilder->insert()
#5 C:\xampp\htdocs\thewardrobeadmin1\system\BaseModel.php(774): CodeIgniter\Model->doInsert(Array)
#6 C:\xampp\htdocs\thewardrobeadmin1\system\Model.php(686): CodeIgniter\BaseModel->insert(Array, true)
#7 C:\xampp\htdocs\thewardrobeadmin1\app\Controllers\AdminController.php(305): CodeIgniter\Model->insert(Array)
#8 C:\xampp\htdocs\thewardrobeadmin1\system\CodeIgniter.php(928): App\Controllers\AdminController->addCategory()
#9 C:\xampp\htdocs\thewardrobeadmin1\system\CodeIgniter.php(436): CodeIgniter\CodeIgniter->runController(Object(App\Controllers\AdminController))
#10 C:\xampp\htdocs\thewardrobeadmin1\system\CodeIgniter.php(336): CodeIgniter\CodeIgniter->handleRequest(NULL, Object(Config\Cache), false)
#11 C:\xampp\htdocs\thewardrobeadmin1\public\index.php(37): CodeIgniter\CodeIgniter->run()
#12 C:\xampp\htdocs\thewardrobeadmin1\system\Commands\Server\rewrite.php(45): require_once('C:\\xampp\\htdocs...')
#13 {main}
ERROR - 2021-11-14 00:28:40 --> Column 'category_name' cannot be null
CRITICAL - 2021-11-14 00:28:40 --> Column 'category_name' cannot be null
#0 C:\xampp\htdocs\thewardrobeadmin1\system\Database\MySQLi\Connection.php(329): mysqli->query('INSERT INTO `tb...')
#1 C:\xampp\htdocs\thewardrobeadmin1\system\Database\BaseConnection.php(732): CodeIgniter\Database\MySQLi\Connection->execute('INSERT INTO `tb...')
#2 C:\xampp\htdocs\thewardrobeadmin1\system\Database\BaseConnection.php(647): CodeIgniter\Database\BaseConnection->simpleQuery('INSERT INTO `tb...')
#3 C:\xampp\htdocs\thewardrobeadmin1\system\Database\BaseBuilder.php(2277): CodeIgniter\Database\BaseConnection->query('INSERT INTO `tb...', Array, false)
#4 C:\xampp\htdocs\thewardrobeadmin1\system\Model.php(259): CodeIgniter\Database\BaseBuilder->insert()
#5 C:\xampp\htdocs\thewardrobeadmin1\system\BaseModel.php(774): CodeIgniter\Model->doInsert(Array)
#6 C:\xampp\htdocs\thewardrobeadmin1\system\Model.php(686): CodeIgniter\BaseModel->insert(Array, true)
#7 C:\xampp\htdocs\thewardrobeadmin1\app\Controllers\AdminController.php(305): CodeIgniter\Model->insert(Array)
#8 C:\xampp\htdocs\thewardrobeadmin1\system\CodeIgniter.php(928): App\Controllers\AdminController->addCategory()
#9 C:\xampp\htdocs\thewardrobeadmin1\system\CodeIgniter.php(436): CodeIgniter\CodeIgniter->runController(Object(App\Controllers\AdminController))
#10 C:\xampp\htdocs\thewardrobeadmin1\system\CodeIgniter.php(336): CodeIgniter\CodeIgniter->handleRequest(NULL, Object(Config\Cache), false)
#11 C:\xampp\htdocs\thewardrobeadmin1\public\index.php(37): CodeIgniter\CodeIgniter->run()
#12 C:\xampp\htdocs\thewardrobeadmin1\system\Commands\Server\rewrite.php(45): require_once('C:\\xampp\\htdocs...')
#13 {main}
ERROR - 2021-11-14 00:32:23 --> Column 'category_name' cannot be null
CRITICAL - 2021-11-14 00:32:23 --> Column 'category_name' cannot be null
#0 C:\xampp\htdocs\thewardrobeadmin1\system\Database\MySQLi\Connection.php(329): mysqli->query('INSERT INTO `tb...')
#1 C:\xampp\htdocs\thewardrobeadmin1\system\Database\BaseConnection.php(732): CodeIgniter\Database\MySQLi\Connection->execute('INSERT INTO `tb...')
#2 C:\xampp\htdocs\thewardrobeadmin1\system\Database\BaseConnection.php(647): CodeIgniter\Database\BaseConnection->simpleQuery('INSERT INTO `tb...')
#3 C:\xampp\htdocs\thewardrobeadmin1\system\Database\BaseBuilder.php(2277): CodeIgniter\Database\BaseConnection->query('INSERT INTO `tb...', Array, false)
#4 C:\xampp\htdocs\thewardrobeadmin1\system\Model.php(259): CodeIgniter\Database\BaseBuilder->insert()
#5 C:\xampp\htdocs\thewardrobeadmin1\system\BaseModel.php(774): CodeIgniter\Model->doInsert(Array)
#6 C:\xampp\htdocs\thewardrobeadmin1\system\Model.php(686): CodeIgniter\BaseModel->insert(Array, true)
#7 C:\xampp\htdocs\thewardrobeadmin1\app\Controllers\AdminController.php(305): CodeIgniter\Model->insert(Array)
#8 C:\xampp\htdocs\thewardrobeadmin1\system\CodeIgniter.php(928): App\Controllers\AdminController->addCategory()
#9 C:\xampp\htdocs\thewardrobeadmin1\system\CodeIgniter.php(436): CodeIgniter\CodeIgniter->runController(Object(App\Controllers\AdminController))
#10 C:\xampp\htdocs\thewardrobeadmin1\system\CodeIgniter.php(336): CodeIgniter\CodeIgniter->handleRequest(NULL, Object(Config\Cache), false)
#11 C:\xampp\htdocs\thewardrobeadmin1\public\index.php(37): CodeIgniter\CodeIgniter->run()
#12 C:\xampp\htdocs\thewardrobeadmin1\system\Commands\Server\rewrite.php(45): require_once('C:\\xampp\\htdocs...')
#13 {main}
ERROR - 2021-11-14 00:32:23 --> Column 'category_name' cannot be null
CRITICAL - 2021-11-14 00:32:23 --> Column 'category_name' cannot be null
#0 C:\xampp\htdocs\thewardrobeadmin1\system\Database\MySQLi\Connection.php(329): mysqli->query('INSERT INTO `tb...')
#1 C:\xampp\htdocs\thewardrobeadmin1\system\Database\BaseConnection.php(732): CodeIgniter\Database\MySQLi\Connection->execute('INSERT INTO `tb...')
#2 C:\xampp\htdocs\thewardrobeadmin1\system\Database\BaseConnection.php(647): CodeIgniter\Database\BaseConnection->simpleQuery('INSERT INTO `tb...')
#3 C:\xampp\htdocs\thewardrobeadmin1\system\Database\BaseBuilder.php(2277): CodeIgniter\Database\BaseConnection->query('INSERT INTO `tb...', Array, false)
#4 C:\xampp\htdocs\thewardrobeadmin1\system\Model.php(259): CodeIgniter\Database\BaseBuilder->insert()
#5 C:\xampp\htdocs\thewardrobeadmin1\system\BaseModel.php(774): CodeIgniter\Model->doInsert(Array)
#6 C:\xampp\htdocs\thewardrobeadmin1\system\Model.php(686): CodeIgniter\BaseModel->insert(Array, true)
#7 C:\xampp\htdocs\thewardrobeadmin1\app\Controllers\AdminController.php(305): CodeIgniter\Model->insert(Array)
#8 C:\xampp\htdocs\thewardrobeadmin1\system\CodeIgniter.php(928): App\Controllers\AdminController->addCategory()
#9 C:\xampp\htdocs\thewardrobeadmin1\system\CodeIgniter.php(436): CodeIgniter\CodeIgniter->runController(Object(App\Controllers\AdminController))
#10 C:\xampp\htdocs\thewardrobeadmin1\system\CodeIgniter.php(336): CodeIgniter\CodeIgniter->handleRequest(NULL, Object(Config\Cache), false)
#11 C:\xampp\htdocs\thewardrobeadmin1\public\index.php(37): CodeIgniter\CodeIgniter->run()
#12 C:\xampp\htdocs\thewardrobeadmin1\system\Commands\Server\rewrite.php(45): require_once('C:\\xampp\\htdocs...')
#13 {main}
ERROR - 2021-11-14 00:34:39 --> Column 'category_name' cannot be null
CRITICAL - 2021-11-14 00:34:39 --> Column 'category_name' cannot be null
#0 C:\xampp\htdocs\thewardrobeadmin1\system\Database\MySQLi\Connection.php(329): mysqli->query('INSERT INTO `tb...')
#1 C:\xampp\htdocs\thewardrobeadmin1\system\Database\BaseConnection.php(732): CodeIgniter\Database\MySQLi\Connection->execute('INSERT INTO `tb...')
#2 C:\xampp\htdocs\thewardrobeadmin1\system\Database\BaseConnection.php(647): CodeIgniter\Database\BaseConnection->simpleQuery('INSERT INTO `tb...')
#3 C:\xampp\htdocs\thewardrobeadmin1\system\Database\BaseBuilder.php(2277): CodeIgniter\Database\BaseConnection->query('INSERT INTO `tb...', Array, false)
#4 C:\xampp\htdocs\thewardrobeadmin1\system\Model.php(259): CodeIgniter\Database\BaseBuilder->insert()
#5 C:\xampp\htdocs\thewardrobeadmin1\system\BaseModel.php(774): CodeIgniter\Model->doInsert(Array)
#6 C:\xampp\htdocs\thewardrobeadmin1\system\Model.php(686): CodeIgniter\BaseModel->insert(Array, true)
#7 C:\xampp\htdocs\thewardrobeadmin1\app\Controllers\AdminController.php(305): CodeIgniter\Model->insert(Array)
#8 C:\xampp\htdocs\thewardrobeadmin1\system\CodeIgniter.php(928): App\Controllers\AdminController->addCategory()
#9 C:\xampp\htdocs\thewardrobeadmin1\system\CodeIgniter.php(436): CodeIgniter\CodeIgniter->runController(Object(App\Controllers\AdminController))
#10 C:\xampp\htdocs\thewardrobeadmin1\system\CodeIgniter.php(336): CodeIgniter\CodeIgniter->handleRequest(NULL, Object(Config\Cache), false)
#11 C:\xampp\htdocs\thewardrobeadmin1\public\index.php(37): CodeIgniter\CodeIgniter->run()
#12 C:\xampp\htdocs\thewardrobeadmin1\system\Commands\Server\rewrite.php(45): require_once('C:\\xampp\\htdocs...')
#13 {main}
ERROR - 2021-11-14 00:34:39 --> Column 'category_name' cannot be null
CRITICAL - 2021-11-14 00:34:39 --> Column 'category_name' cannot be null
#0 C:\xampp\htdocs\thewardrobeadmin1\system\Database\MySQLi\Connection.php(329): mysqli->query('INSERT INTO `tb...')
#1 C:\xampp\htdocs\thewardrobeadmin1\system\Database\BaseConnection.php(732): CodeIgniter\Database\MySQLi\Connection->execute('INSERT INTO `tb...')
#2 C:\xampp\htdocs\thewardrobeadmin1\system\Database\BaseConnection.php(647): CodeIgniter\Database\BaseConnection->simpleQuery('INSERT INTO `tb...')
#3 C:\xampp\htdocs\thewardrobeadmin1\system\Database\BaseBuilder.php(2277): CodeIgniter\Database\BaseConnection->query('INSERT INTO `tb...', Array, false)
#4 C:\xampp\htdocs\thewardrobeadmin1\system\Model.php(259): CodeIgniter\Database\BaseBuilder->insert()
#5 C:\xampp\htdocs\thewardrobeadmin1\system\BaseModel.php(774): CodeIgniter\Model->doInsert(Array)
#6 C:\xampp\htdocs\thewardrobeadmin1\system\Model.php(686): CodeIgniter\BaseModel->insert(Array, true)
#7 C:\xampp\htdocs\thewardrobeadmin1\app\Controllers\AdminController.php(305): CodeIgniter\Model->insert(Array)
#8 C:\xampp\htdocs\thewardrobeadmin1\system\CodeIgniter.php(928): App\Controllers\AdminController->addCategory()
#9 C:\xampp\htdocs\thewardrobeadmin1\system\CodeIgniter.php(436): CodeIgniter\CodeIgniter->runController(Object(App\Controllers\AdminController))
#10 C:\xampp\htdocs\thewardrobeadmin1\system\CodeIgniter.php(336): CodeIgniter\CodeIgniter->handleRequest(NULL, Object(Config\Cache), false)
#11 C:\xampp\htdocs\thewardrobeadmin1\public\index.php(37): CodeIgniter\CodeIgniter->run()
#12 C:\xampp\htdocs\thewardrobeadmin1\system\Commands\Server\rewrite.php(45): require_once('C:\\xampp\\htdocs...')
#13 {main}
CRITICAL - 2021-11-14 22:04:47 --> Undefined variable $role
#0 C:\xampp\htdocs\thewardrobeadmin1\app\Views\dashboard\users.php(73): CodeIgniter\Debug\Exceptions->errorHandler(2, 'Undefined varia...', 'C:\\xampp\\htdocs...', 73)
#1 C:\xampp\htdocs\thewardrobeadmin1\system\View\View.php(230): include('C:\\xampp\\htdocs...')
#2 C:\xampp\htdocs\thewardrobeadmin1\system\View\View.php(232): CodeIgniter\View\View->CodeIgniter\View\{closure}()
#3 C:\xampp\htdocs\thewardrobeadmin1\system\Common.php(1271): CodeIgniter\View\View->render('dashboard/users', Array, true)
#4 C:\xampp\htdocs\thewardrobeadmin1\app\Controllers\AdminController.php(31): view('dashboard/users', Array)
#5 C:\xampp\htdocs\thewardrobeadmin1\system\CodeIgniter.php(928): App\Controllers\AdminController->users()
#6 C:\xampp\htdocs\thewardrobeadmin1\system\CodeIgniter.php(436): CodeIgniter\CodeIgniter->runController(Object(App\Controllers\AdminController))
#7 C:\xampp\htdocs\thewardrobeadmin1\system\CodeIgniter.php(336): CodeIgniter\CodeIgniter->handleRequest(NULL, Object(Config\Cache), false)
#8 C:\xampp\htdocs\thewardrobeadmin1\public\index.php(37): CodeIgniter\CodeIgniter->run()
#9 C:\xampp\htdocs\thewardrobeadmin1\system\Commands\Server\rewrite.php(45): require_once('C:\\xampp\\htdocs...')
#10 {main}
CRITICAL - 2021-11-14 22:13:55 --> Class "App\Models\RolessModel" not found
#0 C:\xampp\htdocs\thewardrobeadmin1\system\CodeIgniter.php(928): App\Controllers\AdminController->users()
#1 C:\xampp\htdocs\thewardrobeadmin1\system\CodeIgniter.php(436): CodeIgniter\CodeIgniter->runController(Object(App\Controllers\AdminController))
#2 C:\xampp\htdocs\thewardrobeadmin1\system\CodeIgniter.php(336): CodeIgniter\CodeIgniter->handleRequest(NULL, Object(Config\Cache), false)
#3 C:\xampp\htdocs\thewardrobeadmin1\public\index.php(37): CodeIgniter\CodeIgniter->run()
#4 C:\xampp\htdocs\thewardrobeadmin1\system\Commands\Server\rewrite.php(45): require_once('C:\\xampp\\htdocs...')
#5 {main}
CRITICAL - 2021-11-14 22:25:09 --> Unclosed '{' on line 73
#0 C:\xampp\htdocs\thewardrobeadmin1\system\View\View.php(232): CodeIgniter\View\View->CodeIgniter\View\{closure}()
#1 C:\xampp\htdocs\thewardrobeadmin1\system\Common.php(1271): CodeIgniter\View\View->render('dashboard/users', Array, true)
#2 C:\xampp\htdocs\thewardrobeadmin1\app\Controllers\AdminController.php(34): view('dashboard/users', Array)
#3 C:\xampp\htdocs\thewardrobeadmin1\system\CodeIgniter.php(928): App\Controllers\AdminController->users()
#4 C:\xampp\htdocs\thewardrobeadmin1\system\CodeIgniter.php(436): CodeIgniter\CodeIgniter->runController(Object(App\Controllers\AdminController))
#5 C:\xampp\htdocs\thewardrobeadmin1\system\CodeIgniter.php(336): CodeIgniter\CodeIgniter->handleRequest(NULL, Object(Config\Cache), false)
#6 C:\xampp\htdocs\thewardrobeadmin1\public\index.php(37): CodeIgniter\CodeIgniter->run()
#7 C:\xampp\htdocs\thewardrobeadmin1\system\Commands\Server\rewrite.php(45): require_once('C:\\xampp\\htdocs...')
#8 {main}
CRITICAL - 2021-11-14 23:13:47 --> Unclosed '{' on line 73
#0 C:\xampp\htdocs\thewardrobeadmin1\system\View\View.php(232): CodeIgniter\View\View->CodeIgniter\View\{closure}()
#1 C:\xampp\htdocs\thewardrobeadmin1\system\Common.php(1271): CodeIgniter\View\View->render('dashboard/users', Array, true)
#2 C:\xampp\htdocs\thewardrobeadmin1\app\Controllers\AdminController.php(34): view('dashboard/users', Array)
#3 C:\xampp\htdocs\thewardrobeadmin1\system\CodeIgniter.php(928): App\Controllers\AdminController->users()
#4 C:\xampp\htdocs\thewardrobeadmin1\system\CodeIgniter.php(436): CodeIgniter\CodeIgniter->runController(Object(App\Controllers\AdminController))
#5 C:\xampp\htdocs\thewardrobeadmin1\system\CodeIgniter.php(336): CodeIgniter\CodeIgniter->handleRequest(NULL, Object(Config\Cache), false)
#6 C:\xampp\htdocs\thewardrobeadmin1\public\index.php(37): CodeIgniter\CodeIgniter->run()
#7 C:\xampp\htdocs\thewardrobeadmin1\system\Commands\Server\rewrite.php(45): require_once('C:\\xampp\\htdocs...')
#8 {main}
