CRITICAL - 2021-12-05 06:28:05 --> Undefined variable $role
#0 C:\xampp\htdocs\anelkaswordrobe\app\Views\dashboard\users.php(74): CodeIgniter\Debug\Exceptions->errorHandler(2, 'Undefined varia...', 'C:\\xampp\\htdocs...', 74)
#1 C:\xampp\htdocs\anelkaswordrobe\system\View\View.php(230): include('C:\\xampp\\htdocs...')
#2 C:\xampp\htdocs\anelkaswordrobe\system\View\View.php(232): CodeIgniter\View\View->CodeIgniter\View\{closure}()
#3 C:\xampp\htdocs\anelkaswordrobe\system\Common.php(1271): CodeIgniter\View\View->render('dashboard/users', Array, true)
#4 C:\xampp\htdocs\anelkaswordrobe\app\Controllers\AdminController.php(729): view('dashboard/users', Array)
#5 C:\xampp\htdocs\anelkaswordrobe\system\CodeIgniter.php(928): App\Controllers\AdminController->products()
#6 C:\xampp\htdocs\anelkaswordrobe\system\CodeIgniter.php(436): CodeIgniter\CodeIgniter->runController(Object(App\Controllers\AdminController))
#7 C:\xampp\htdocs\anelkaswordrobe\system\CodeIgniter.php(336): CodeIgniter\CodeIgniter->handleRequest(NULL, Object(Config\Cache), false)
#8 C:\xampp\htdocs\anelkaswordrobe\public\index.php(37): CodeIgniter\CodeIgniter->run()
#9 C:\xampp\htdocs\anelkaswordrobe\system\Commands\Server\rewrite.php(45): require_once('C:\\xampp\\htdocs...')
#10 {main}
CRITICAL - 2021-12-05 06:30:07 --> Undefined variable $category
#0 C:\xampp\htdocs\anelkaswordrobe\app\Views\dashboard\products.php(38): CodeIgniter\Debug\Exceptions->errorHandler(2, 'Undefined varia...', 'C:\\xampp\\htdocs...', 38)
#1 C:\xampp\htdocs\anelkaswordrobe\system\View\View.php(230): include('C:\\xampp\\htdocs...')
#2 C:\xampp\htdocs\anelkaswordrobe\system\View\View.php(232): CodeIgniter\View\View->CodeIgniter\View\{closure}()
#3 C:\xampp\htdocs\anelkaswordrobe\system\Common.php(1271): CodeIgniter\View\View->render('dashboard/produ...', Array, true)
#4 C:\xampp\htdocs\anelkaswordrobe\app\Controllers\AdminController.php(729): view('dashboard/produ...', Array)
#5 C:\xampp\htdocs\anelkaswordrobe\system\CodeIgniter.php(928): App\Controllers\AdminController->products()
#6 C:\xampp\htdocs\anelkaswordrobe\system\CodeIgniter.php(436): CodeIgniter\CodeIgniter->runController(Object(App\Controllers\AdminController))
#7 C:\xampp\htdocs\anelkaswordrobe\system\CodeIgniter.php(336): CodeIgniter\CodeIgniter->handleRequest(NULL, Object(Config\Cache), false)
#8 C:\xampp\htdocs\anelkaswordrobe\public\index.php(37): CodeIgniter\CodeIgniter->run()
#9 C:\xampp\htdocs\anelkaswordrobe\system\Commands\Server\rewrite.php(45): require_once('C:\\xampp\\htdocs...')
#10 {main}
CRITICAL - 2021-12-05 06:39:22 --> Undefined variable $category
#0 C:\xampp\htdocs\anelkaswordrobe\app\Views\dashboard\products.php(45): CodeIgniter\Debug\Exceptions->errorHandler(2, 'Undefined varia...', 'C:\\xampp\\htdocs...', 45)
#1 C:\xampp\htdocs\anelkaswordrobe\system\View\View.php(230): include('C:\\xampp\\htdocs...')
#2 C:\xampp\htdocs\anelkaswordrobe\system\View\View.php(232): CodeIgniter\View\View->CodeIgniter\View\{closure}()
#3 C:\xampp\htdocs\anelkaswordrobe\system\Common.php(1271): CodeIgniter\View\View->render('dashboard/produ...', Array, true)
#4 C:\xampp\htdocs\anelkaswordrobe\app\Controllers\AdminController.php(729): view('dashboard/produ...', Array)
#5 C:\xampp\htdocs\anelkaswordrobe\system\CodeIgniter.php(928): App\Controllers\AdminController->products()
#6 C:\xampp\htdocs\anelkaswordrobe\system\CodeIgniter.php(436): CodeIgniter\CodeIgniter->runController(Object(App\Controllers\AdminController))
#7 C:\xampp\htdocs\anelkaswordrobe\system\CodeIgniter.php(336): CodeIgniter\CodeIgniter->handleRequest(NULL, Object(Config\Cache), false)
#8 C:\xampp\htdocs\anelkaswordrobe\public\index.php(37): CodeIgniter\CodeIgniter->run()
#9 C:\xampp\htdocs\anelkaswordrobe\system\Commands\Server\rewrite.php(45): require_once('C:\\xampp\\htdocs...')
#10 {main}
CRITICAL - 2021-12-05 06:45:14 --> Undefined variable $category
#0 C:\xampp\htdocs\anelkaswordrobe\app\Views\dashboard\products.php(46): CodeIgniter\Debug\Exceptions->errorHandler(2, 'Undefined varia...', 'C:\\xampp\\htdocs...', 46)
#1 C:\xampp\htdocs\anelkaswordrobe\system\View\View.php(230): include('C:\\xampp\\htdocs...')
#2 C:\xampp\htdocs\anelkaswordrobe\system\View\View.php(232): CodeIgniter\View\View->CodeIgniter\View\{closure}()
#3 C:\xampp\htdocs\anelkaswordrobe\system\Common.php(1271): CodeIgniter\View\View->render('dashboard/produ...', Array, true)
#4 C:\xampp\htdocs\anelkaswordrobe\app\Controllers\AdminController.php(729): view('dashboard/produ...', Array)
#5 C:\xampp\htdocs\anelkaswordrobe\system\CodeIgniter.php(928): App\Controllers\AdminController->products()
#6 C:\xampp\htdocs\anelkaswordrobe\system\CodeIgniter.php(436): CodeIgniter\CodeIgniter->runController(Object(App\Controllers\AdminController))
#7 C:\xampp\htdocs\anelkaswordrobe\system\CodeIgniter.php(336): CodeIgniter\CodeIgniter->handleRequest(NULL, Object(Config\Cache), false)
#8 C:\xampp\htdocs\anelkaswordrobe\public\index.php(37): CodeIgniter\CodeIgniter->run()
#9 C:\xampp\htdocs\anelkaswordrobe\system\Commands\Server\rewrite.php(45): require_once('C:\\xampp\\htdocs...')
#10 {main}
CRITICAL - 2021-12-05 07:24:23 --> Undefined variable $sub_category
#0 C:\xampp\htdocs\anelkaswordrobe\app\Views\dashboard\products.php(66): CodeIgniter\Debug\Exceptions->errorHandler(2, 'Undefined varia...', 'C:\\xampp\\htdocs...', 66)
#1 C:\xampp\htdocs\anelkaswordrobe\system\View\View.php(230): include('C:\\xampp\\htdocs...')
#2 C:\xampp\htdocs\anelkaswordrobe\system\View\View.php(232): CodeIgniter\View\View->CodeIgniter\View\{closure}()
#3 C:\xampp\htdocs\anelkaswordrobe\system\Common.php(1271): CodeIgniter\View\View->render('dashboard/produ...', Array, true)
#4 C:\xampp\htdocs\anelkaswordrobe\app\Controllers\AdminController.php(729): view('dashboard/produ...', Array)
#5 C:\xampp\htdocs\anelkaswordrobe\system\CodeIgniter.php(928): App\Controllers\AdminController->products()
#6 C:\xampp\htdocs\anelkaswordrobe\system\CodeIgniter.php(436): CodeIgniter\CodeIgniter->runController(Object(App\Controllers\AdminController))
#7 C:\xampp\htdocs\anelkaswordrobe\system\CodeIgniter.php(336): CodeIgniter\CodeIgniter->handleRequest(NULL, Object(Config\Cache), false)
#8 C:\xampp\htdocs\anelkaswordrobe\public\index.php(37): CodeIgniter\CodeIgniter->run()
#9 C:\xampp\htdocs\anelkaswordrobe\system\Commands\Server\rewrite.php(45): require_once('C:\\xampp\\htdocs...')
#10 {main}
ERROR - 2021-12-05 08:46:48 --> Table 'ecommerce.tbl_products' doesn't exist
CRITICAL - 2021-12-05 08:46:48 --> Table 'ecommerce.tbl_products' doesn't exist
#0 C:\xampp\htdocs\anelkaswordrobe\system\Database\MySQLi\Connection.php(329): mysqli->query('SELECT 1\nFROM `...')
#1 C:\xampp\htdocs\anelkaswordrobe\system\Database\BaseConnection.php(732): CodeIgniter\Database\MySQLi\Connection->execute('SELECT 1\nFROM `...')
#2 C:\xampp\htdocs\anelkaswordrobe\system\Database\BaseConnection.php(647): CodeIgniter\Database\BaseConnection->simpleQuery('SELECT 1\nFROM `...')
#3 C:\xampp\htdocs\anelkaswordrobe\system\Database\BaseBuilder.php(1881): CodeIgniter\Database\BaseConnection->query('SELECT 1\nFROM `...', Array, false)
#4 C:\xampp\htdocs\anelkaswordrobe\system\Validation\Rules.php(206): CodeIgniter\Database\BaseBuilder->get()
#5 C:\xampp\htdocs\anelkaswordrobe\system\Validation\Validation.php(312): CodeIgniter\Validation\Rules->is_unique('Kim Walter', 'product_name', Array, NULL)
#6 C:\xampp\htdocs\anelkaswordrobe\system\Validation\Validation.php(159): CodeIgniter\Validation\Validation->processRules('productname', 'productname', 'Kim Walter', Array, Array)
#7 C:\xampp\htdocs\anelkaswordrobe\system\Controller.php(183): CodeIgniter\Validation\Validation->run()
#8 C:\xampp\htdocs\anelkaswordrobe\app\Controllers\AdminController.php(740): CodeIgniter\Controller->validate(Array)
#9 C:\xampp\htdocs\anelkaswordrobe\system\CodeIgniter.php(928): App\Controllers\AdminController->addProduct()
#10 C:\xampp\htdocs\anelkaswordrobe\system\CodeIgniter.php(436): CodeIgniter\CodeIgniter->runController(Object(App\Controllers\AdminController))
#11 C:\xampp\htdocs\anelkaswordrobe\system\CodeIgniter.php(336): CodeIgniter\CodeIgniter->handleRequest(NULL, Object(Config\Cache), false)
#12 C:\xampp\htdocs\anelkaswordrobe\public\index.php(37): CodeIgniter\CodeIgniter->run()
#13 C:\xampp\htdocs\anelkaswordrobe\system\Commands\Server\rewrite.php(45): require_once('C:\\xampp\\htdocs...')
#14 {main}
ERROR - 2021-12-05 08:48:24 --> Table 'ecommerce.tbl_products' doesn't exist
CRITICAL - 2021-12-05 08:48:24 --> Table 'ecommerce.tbl_products' doesn't exist
#0 C:\xampp\htdocs\anelkaswordrobe\system\Database\MySQLi\Connection.php(329): mysqli->query('SELECT 1\nFROM `...')
#1 C:\xampp\htdocs\anelkaswordrobe\system\Database\BaseConnection.php(732): CodeIgniter\Database\MySQLi\Connection->execute('SELECT 1\nFROM `...')
#2 C:\xampp\htdocs\anelkaswordrobe\system\Database\BaseConnection.php(647): CodeIgniter\Database\BaseConnection->simpleQuery('SELECT 1\nFROM `...')
#3 C:\xampp\htdocs\anelkaswordrobe\system\Database\BaseBuilder.php(1881): CodeIgniter\Database\BaseConnection->query('SELECT 1\nFROM `...', Array, false)
#4 C:\xampp\htdocs\anelkaswordrobe\system\Validation\Rules.php(206): CodeIgniter\Database\BaseBuilder->get()
#5 C:\xampp\htdocs\anelkaswordrobe\system\Validation\Validation.php(312): CodeIgniter\Validation\Rules->is_unique('Julian Peck', 'product_name', Array, NULL)
#6 C:\xampp\htdocs\anelkaswordrobe\system\Validation\Validation.php(159): CodeIgniter\Validation\Validation->processRules('productname', 'productname', 'Julian Peck', Array, Array)
#7 C:\xampp\htdocs\anelkaswordrobe\system\Controller.php(183): CodeIgniter\Validation\Validation->run()
#8 C:\xampp\htdocs\anelkaswordrobe\app\Controllers\AdminController.php(740): CodeIgniter\Controller->validate(Array)
#9 C:\xampp\htdocs\anelkaswordrobe\system\CodeIgniter.php(928): App\Controllers\AdminController->addProduct()
#10 C:\xampp\htdocs\anelkaswordrobe\system\CodeIgniter.php(436): CodeIgniter\CodeIgniter->runController(Object(App\Controllers\AdminController))
#11 C:\xampp\htdocs\anelkaswordrobe\system\CodeIgniter.php(336): CodeIgniter\CodeIgniter->handleRequest(NULL, Object(Config\Cache), false)
#12 C:\xampp\htdocs\anelkaswordrobe\public\index.php(37): CodeIgniter\CodeIgniter->run()
#13 C:\xampp\htdocs\anelkaswordrobe\system\Commands\Server\rewrite.php(45): require_once('C:\\xampp\\htdocs...')
#14 {main}
ERROR - 2021-12-05 08:48:24 --> Table 'ecommerce.tbl_products' doesn't exist
CRITICAL - 2021-12-05 08:48:24 --> Table 'ecommerce.tbl_products' doesn't exist
#0 C:\xampp\htdocs\anelkaswordrobe\system\Database\MySQLi\Connection.php(329): mysqli->query('SELECT 1\nFROM `...')
#1 C:\xampp\htdocs\anelkaswordrobe\system\Database\BaseConnection.php(732): CodeIgniter\Database\MySQLi\Connection->execute('SELECT 1\nFROM `...')
#2 C:\xampp\htdocs\anelkaswordrobe\system\Database\BaseConnection.php(647): CodeIgniter\Database\BaseConnection->simpleQuery('SELECT 1\nFROM `...')
#3 C:\xampp\htdocs\anelkaswordrobe\system\Database\BaseBuilder.php(1881): CodeIgniter\Database\BaseConnection->query('SELECT 1\nFROM `...', Array, false)
#4 C:\xampp\htdocs\anelkaswordrobe\system\Validation\Rules.php(206): CodeIgniter\Database\BaseBuilder->get()
#5 C:\xampp\htdocs\anelkaswordrobe\system\Validation\Validation.php(312): CodeIgniter\Validation\Rules->is_unique('Julian Peck', 'product_name', Array, NULL)
#6 C:\xampp\htdocs\anelkaswordrobe\system\Validation\Validation.php(159): CodeIgniter\Validation\Validation->processRules('productname', 'productname', 'Julian Peck', Array, Array)
#7 C:\xampp\htdocs\anelkaswordrobe\system\Controller.php(183): CodeIgniter\Validation\Validation->run()
#8 C:\xampp\htdocs\anelkaswordrobe\app\Controllers\AdminController.php(740): CodeIgniter\Controller->validate(Array)
#9 C:\xampp\htdocs\anelkaswordrobe\system\CodeIgniter.php(928): App\Controllers\AdminController->addProduct()
#10 C:\xampp\htdocs\anelkaswordrobe\system\CodeIgniter.php(436): CodeIgniter\CodeIgniter->runController(Object(App\Controllers\AdminController))
#11 C:\xampp\htdocs\anelkaswordrobe\system\CodeIgniter.php(336): CodeIgniter\CodeIgniter->handleRequest(NULL, Object(Config\Cache), false)
#12 C:\xampp\htdocs\anelkaswordrobe\public\index.php(37): CodeIgniter\CodeIgniter->run()
#13 C:\xampp\htdocs\anelkaswordrobe\system\Commands\Server\rewrite.php(45): require_once('C:\\xampp\\htdocs...')
#14 {main}
CRITICAL - 2021-12-05 08:49:13 --> Undefined variable $categoriesModel
#0 C:\xampp\htdocs\anelkaswordrobe\app\Controllers\AdminController.php(801): CodeIgniter\Debug\Exceptions->errorHandler(2, 'Undefined varia...', 'C:\\xampp\\htdocs...', 801)
#1 C:\xampp\htdocs\anelkaswordrobe\system\CodeIgniter.php(928): App\Controllers\AdminController->addProduct()
#2 C:\xampp\htdocs\anelkaswordrobe\system\CodeIgniter.php(436): CodeIgniter\CodeIgniter->runController(Object(App\Controllers\AdminController))
#3 C:\xampp\htdocs\anelkaswordrobe\system\CodeIgniter.php(336): CodeIgniter\CodeIgniter->handleRequest(NULL, Object(Config\Cache), false)
#4 C:\xampp\htdocs\anelkaswordrobe\public\index.php(37): CodeIgniter\CodeIgniter->run()
#5 C:\xampp\htdocs\anelkaswordrobe\system\Commands\Server\rewrite.php(45): require_once('C:\\xampp\\htdocs...')
#6 {main}
CRITICAL - 2021-12-05 09:06:51 --> Call to undefined method App\Models\ProductsModel::insert_id
#0 C:\xampp\htdocs\anelkaswordrobe\app\Controllers\AdminController.php(805): CodeIgniter\Model->__call('insert_id', Array)
#1 C:\xampp\htdocs\anelkaswordrobe\system\CodeIgniter.php(928): App\Controllers\AdminController->addProduct()
#2 C:\xampp\htdocs\anelkaswordrobe\system\CodeIgniter.php(436): CodeIgniter\CodeIgniter->runController(Object(App\Controllers\AdminController))
#3 C:\xampp\htdocs\anelkaswordrobe\system\CodeIgniter.php(336): CodeIgniter\CodeIgniter->handleRequest(NULL, Object(Config\Cache), false)
#4 C:\xampp\htdocs\anelkaswordrobe\public\index.php(37): CodeIgniter\CodeIgniter->run()
#5 C:\xampp\htdocs\anelkaswordrobe\system\Commands\Server\rewrite.php(45): require_once('C:\\xampp\\htdocs...')
#6 {main}
CRITICAL - 2021-12-05 09:09:56 --> Call to undefined method App\Models\ProductsModel::lastInsertId
#0 C:\xampp\htdocs\anelkaswordrobe\app\Controllers\AdminController.php(805): CodeIgniter\Model->__call('lastInsertId', Array)
#1 C:\xampp\htdocs\anelkaswordrobe\system\CodeIgniter.php(928): App\Controllers\AdminController->addProduct()
#2 C:\xampp\htdocs\anelkaswordrobe\system\CodeIgniter.php(436): CodeIgniter\CodeIgniter->runController(Object(App\Controllers\AdminController))
#3 C:\xampp\htdocs\anelkaswordrobe\system\CodeIgniter.php(336): CodeIgniter\CodeIgniter->handleRequest(NULL, Object(Config\Cache), false)
#4 C:\xampp\htdocs\anelkaswordrobe\public\index.php(37): CodeIgniter\CodeIgniter->run()
#5 C:\xampp\htdocs\anelkaswordrobe\system\Commands\Server\rewrite.php(45): require_once('C:\\xampp\\htdocs...')
#6 {main}
ERROR - 2021-12-05 11:02:34 --> Error connecting to the database: Access denied for user '****'@'localhost' (using password: YES)
CRITICAL - 2021-12-05 11:02:34 --> Unable to connect to the database.
Main connection [MySQLi]: Access denied for user '****'@'localhost' (using password: YES)
#0 C:\xampp\htdocs\anelkaswordrobe\system\Database\BaseConnection.php(625): CodeIgniter\Database\BaseConnection->initialize()
#1 C:\xampp\htdocs\anelkaswordrobe\system\Database\BaseBuilder.php(1881): CodeIgniter\Database\BaseConnection->query('SELECT *\nFROM `...', Array, false)
#2 C:\xampp\htdocs\anelkaswordrobe\system\Model.php(197): CodeIgniter\Database\BaseBuilder->get()
#3 C:\xampp\htdocs\anelkaswordrobe\system\BaseModel.php(603): CodeIgniter\Model->doFindAll(0, 0)
#4 C:\xampp\htdocs\anelkaswordrobe\app\Controllers\AdminController.php(729): CodeIgniter\BaseModel->findAll()
#5 C:\xampp\htdocs\anelkaswordrobe\system\CodeIgniter.php(928): App\Controllers\AdminController->products()
#6 C:\xampp\htdocs\anelkaswordrobe\system\CodeIgniter.php(436): CodeIgniter\CodeIgniter->runController(Object(App\Controllers\AdminController))
#7 C:\xampp\htdocs\anelkaswordrobe\system\CodeIgniter.php(336): CodeIgniter\CodeIgniter->handleRequest(NULL, Object(Config\Cache), false)
#8 C:\xampp\htdocs\anelkaswordrobe\public\index.php(37): CodeIgniter\CodeIgniter->run()
#9 C:\xampp\htdocs\anelkaswordrobe\system\Commands\Server\rewrite.php(45): require_once('C:\\xampp\\htdocs...')
#10 {main}
